[04:12:25] [main/INFO] ========================================
[04:12:25] [main/INFO] Minecraft: 1.20.1
[04:12:25] [main/INFO] Side: server
[04:12:25] [main/INFO] Development: false
[04:12:25] [main/INFO] Version: 12.1.785
[04:12:25] [main/INFO] Loader:
[04:12:25] [main/INFO] - Fabric: 0.16.5
[04:12:25] [main/INFO] - Fabric API: 0.92.2+1.20.1
[04:12:25] [main/INFO] Dependencies:
[04:12:25] [main/INFO] - Cloth Config: 11.1.136
[04:12:25] [main/INFO] - Architectury: 9.2.14
[04:12:25] [main/INFO] Mixin: 0.8.7
[04:12:25] [main/INFO] OS: Linux 6.8.0-1027-azure (amd64)
[04:12:25] [main/INFO] Java: 21.0.7 (Ubuntu)
[04:12:25] [main/INFO] ========================================
[04:12:25] [main/INFO] Mods:
[04:12:25] [main/INFO] - accessories: 1.0.0-beta.47+1.20.1
[04:12:25] [main/INFO] - appleskin: 2.5.1+mc1.20
[04:12:25] [main/INFO] - architectury: 9.2.14
[04:12:25] [main/INFO] - bclib: 3.0.14
[04:12:25] [main/INFO] - betterend: 4.0.11
[04:12:25] [main/INFO] - betterendisland: 1.20-Fabric-2.0.6
[04:12:25] [main/INFO] - betterfortresses: 1.20-Fabric-2.0.6
[04:12:25] [main/INFO] - betteroceanmonuments: 1.20-Fabric-3.0.4
[04:12:25] [main/INFO] - bettervillage: 3.3.0
[04:12:25] [main/INFO] - blue_endless_jankson: 1.2.3
[04:12:25] [main/INFO] - cactusconfig: 2.1.1+knot+1.20.1
[04:12:25] [main/INFO] - cardinal-components: 5.2.3
[04:12:25] [main/INFO] - cardinal-components-base: 5.2.3
[04:12:25] [main/INFO] - cardinal-components-block: 5.2.3
[04:12:25] [main/INFO] - cardinal-components-chunk: 5.2.3
[04:12:25] [main/INFO] - cardinal-components-entity: 5.2.3
[04:12:25] [main/INFO] - cardinal-components-item: 5.2.3
[04:12:25] [main/INFO] - cardinal-components-level: 5.2.3
[04:12:25] [main/INFO] - cardinal-components-scoreboard: 5.2.3
[04:12:25] [main/INFO] - cardinal-components-world: 5.2.3
[04:12:25] [main/INFO] - cavedust: 3.0.0
[04:12:25] [main/INFO] - cloth-basic-math: 0.6.1
[04:12:25] [main/INFO] - cloth-config: 11.1.136
[04:12:25] [main/INFO] - cloth-config: 11.1.136
[04:12:25] [main/INFO] - codec-config-api: 3.0.1+1.20.1
[04:12:25] [main/INFO] - collective: 7.84
[04:12:25] [main/INFO] - com_electronwill_night-config_core: 3.6.6
[04:12:25] [main/INFO] - com_electronwill_night-config_toml: 3.6.6
[04:12:25] [main/INFO] - com_konghq_unirest-java_standalone: 3.11.9
[04:12:25] [main/INFO] - com_twelvemonkeys_common_common-image: 3.12.0
[04:12:25] [main/INFO] - com_twelvemonkeys_common_common-io: 3.12.0
[04:12:25] [main/INFO] - com_twelvemonkeys_common_common-lang: 3.12.0
[04:12:25] [main/INFO] - com_twelvemonkeys_imageio_imageio-core: 3.12.0
[04:12:25] [main/INFO] - com_twelvemonkeys_imageio_imageio-metadata: 3.12.0
[04:12:25] [main/INFO] - com_twelvemonkeys_imageio_imageio-webp: 3.12.0
[04:12:25] [main/INFO] - commons-validator_commons-validator: 1.7
[04:12:25] [main/INFO] - crops_love_rain: 1.4.0
[04:12:25] [main/INFO] - ctov: 3.4.14
[04:12:25] [main/INFO] - customizableelytra: 2.1.2+1.20
[04:12:25] [main/INFO] - easyshulkerboxes: 8.0.2
[04:12:25] [main/INFO] - entityculling: 1.7.0
[04:12:25] [main/INFO] - error_notifier: 1.0.9
[04:12:25] [main/INFO] - fabric-api: 0.92.2+1.20.1
[04:12:25] [main/INFO] - fabric-api: 0.92.2+1.20.1
[04:12:25] [main/INFO] - fabric-api-base: 0.4.31+1802ada577
[04:12:25] [main/INFO] - fabric-api-lookup-api-v1: 1.6.36+1802ada577
[04:12:25] [main/INFO] - fabric-biome-api-v1: 13.0.13+1802ada577
[04:12:25] [main/INFO] - fabric-block-api-v1: 1.0.11+1802ada577
[04:12:25] [main/INFO] - fabric-block-view-api-v2: 1.0.1+1802ada577
[04:12:25] [main/INFO] - fabric-command-api-v1: 1.2.34+f71b366f77
[04:12:25] [main/INFO] - fabric-command-api-v2: 2.2.13+1802ada577
[04:12:25] [main/INFO] - fabric-commands-v0: 0.2.51+df3654b377
[04:12:25] [main/INFO] - fabric-containers-v0: 0.1.64+df3654b377
[04:12:25] [main/INFO] - fabric-content-registries-v0: 4.0.11+1802ada577
[04:12:25] [main/INFO] - fabric-convention-tags-v1: 1.5.5+1802ada577
[04:12:25] [main/INFO] - fabric-crash-report-info-v1: 0.2.19+1802ada577
[04:12:25] [main/INFO] - fabric-data-attachment-api-v1: 1.0.0+de0fd6d177
[04:12:25] [main/INFO] - fabric-data-generation-api-v1: 12.3.4+1802ada577
[04:12:25] [main/INFO] - fabric-dimensions-v1: 2.1.54+1802ada577
[04:12:25] [main/INFO] - fabric-entity-events-v1: 1.6.0+1c78457f77
[04:12:25] [main/INFO] - fabric-events-interaction-v0: 0.6.2+1802ada577
[04:12:25] [main/INFO] - fabric-events-lifecycle-v0: 0.2.63+df3654b377
[04:12:25] [main/INFO] - fabric-game-rule-api-v1: 1.0.40+1802ada577
[04:12:25] [main/INFO] - fabric-item-api-v1: 2.1.28+1802ada577
[04:12:25] [main/INFO] - fabric-item-group-api-v1: 4.0.12+1802ada577
[04:12:25] [main/INFO] - fabric-language-kotlin: 1.12.3+kotlin.2.0.21
[04:12:25] [main/INFO] - fabric-lifecycle-events-v1: 2.2.22+1802ada577
[04:12:25] [main/INFO] - fabric-loot-api-v2: 1.2.1+1802ada577
[04:12:25] [main/INFO] - fabric-loot-tables-v1: 1.1.45+9e7660c677
[04:12:25] [main/INFO] - fabric-message-api-v1: 5.1.9+1802ada577
[04:12:25] [main/INFO] - fabric-mining-level-api-v1: 2.1.50+1802ada577
[04:12:25] [main/INFO] - fabric-networking-api-v1: 1.3.11+1802ada577
[04:12:25] [main/INFO] - fabric-networking-v0: 0.3.51+df3654b377
[04:12:25] [main/INFO] - fabric-object-builder-api-v1: 11.1.3+1802ada577
[04:12:25] [main/INFO] - fabric-particles-v1: 1.1.2+1802ada577
[04:12:25] [main/INFO] - fabric-permissions-api-v0: 0.3.1
[04:12:25] [main/INFO] - fabric-recipe-api-v1: 1.0.21+1802ada577
[04:12:25] [main/INFO] - fabric-registry-sync-v0: 2.3.3+1802ada577
[04:12:25] [main/INFO] - fabric-rendering-data-attachment-v1: 0.3.37+92a0d36777
[04:12:25] [main/INFO] - fabric-rendering-fluids-v1: 3.0.28+1802ada577
[04:12:25] [main/INFO] - fabric-resource-conditions-api-v1: 2.3.8+1802ada577
[04:12:25] [main/INFO] - fabric-resource-loader-v0: 0.11.10+1802ada577
[04:12:25] [main/INFO] - fabric-screen-handler-api-v1: 1.3.30+1802ada577
[04:12:25] [main/INFO] - fabric-transfer-api-v1: 3.3.5+8dd72ea377
[04:12:25] [main/INFO] - fabric-transitive-access-wideners-v1: 4.3.1+1802ada577
[04:12:25] [main/INFO] - fabricloader: 0.16.5
[04:12:25] [main/INFO] - ferritecore: 6.0.1
[04:12:25] [main/INFO] - forgeconfigapiport: 8.0.0
[04:12:25] [main/INFO] - formations: 1.0.3
[04:12:25] [main/INFO] - formationsnether: 1.0.5
[04:12:25] [main/INFO] - formationsoverworld: 1.0.4
[04:12:25] [main/INFO] - fzzy_config: 0.5.4+1.20.1
[04:12:25] [main/INFO] - glowing-torchflower: 1.1.0
[04:12:25] [main/INFO] - grindenchantments: 3.1.4+1.20.1
[04:12:25] [main/INFO] - horsebuff: 2.1.2
[04:12:25] [main/INFO] - io_wispforest_endec: 0.1.8
[04:12:25] [main/INFO] - io_wispforest_endec_gson: 0.1.5
[04:12:25] [main/INFO] - io_wispforest_endec_netty: 0.1.4
[04:12:25] [main/INFO] - jade: 11.13.1+fabric
[04:12:25] [main/INFO] - jamlib: 0.6.1+1.20.x
[04:12:25] [main/INFO] - java: 21
[04:12:25] [main/INFO] - jei: 15.20.0.105
[04:12:25] [main/INFO] - kirin: 1.15.6+1.20.1
[04:12:25] [main/INFO] - libraryferret: 4.0.0
[04:12:25] [main/INFO] - lithium: 0.11.2
[04:12:25] [main/INFO] - lithostitched: 1.4.7
[04:12:25] [main/INFO] - minecraft: 1.20.1
[04:12:25] [main/INFO] - mixinextras: 0.4.1
[04:12:25] [main/INFO] - modernfix: 5.19.4+mc1.20.1
[04:12:25] [main/INFO] - mr_dungeons_andtaverns: 3.0.3.f
[04:12:25] [main/INFO] - mr_dungeons_andtavernsstrongholdrework: 1
[04:12:25] [main/INFO] - mr_mastercutter: 1.1
[04:12:25] [main/INFO] - net_peanuuutz_tomlkt_tomlkt-jvm: 0.3.7
[04:12:25] [main/INFO] - no-resource-pack-warnings: 1.3.0
[04:12:25] [main/INFO] - noisium: 2.3.0+mc1.20-1.20.1
[04:12:25] [main/INFO] - notenoughanimations: 1.7.6
[04:12:25] [main/INFO] - org_javassist_javassist: 3.29.2-GA
[04:12:25] [main/INFO] - org_jetbrains_kotlin_kotlin-reflect: 2.0.21
[04:12:25] [main/INFO] - org_jetbrains_kotlin_kotlin-stdlib: 2.0.21
[04:12:25] [main/INFO] - org_jetbrains_kotlin_kotlin-stdlib-jdk7: 2.0.21
[04:12:25] [main/INFO] - org_jetbrains_kotlin_kotlin-stdlib-jdk8: 2.0.21
[04:12:25] [main/INFO] - org_jetbrains_kotlinx_atomicfu-jvm: 0.25.0
[04:12:25] [main/INFO] - org_jetbrains_kotlinx_kotlinx-coroutines-core-jvm: 1.9.0
[04:12:25] [main/INFO] - org_jetbrains_kotlinx_kotlinx-coroutines-jdk8: 1.9.0
[04:12:25] [main/INFO] - org_jetbrains_kotlinx_kotlinx-datetime-jvm: 0.6.1
[04:12:25] [main/INFO] - org_jetbrains_kotlinx_kotlinx-io-bytestring-jvm: 0.5.4
[04:12:25] [main/INFO] - org_jetbrains_kotlinx_kotlinx-io-core-jvm: 0.5.4
[04:12:25] [main/INFO] - org_jetbrains_kotlinx_kotlinx-serialization-cbor-jvm: 1.7.3
[04:12:25] [main/INFO] - org_jetbrains_kotlinx_kotlinx-serialization-core-jvm: 1.7.3
[04:12:25] [main/INFO] - org_jetbrains_kotlinx_kotlinx-serialization-json-jvm: 1.7.3
[04:12:25] [main/INFO] - org_jsoup_jsoup: 1.16.1
[04:12:25] [main/INFO] - org_mineskin_java-client: 1.2.4-SNAPSHOT
[04:12:25] [main/INFO] - org_quiltmc_parsers_gson: 0.2.1
[04:12:25] [main/INFO] - org_quiltmc_parsers_json: 0.2.1
[04:12:25] [main/INFO] - org_reflections_reflections: 0.10.2
[04:12:25] [main/INFO] - owo: 0.11.2+1.20
[04:12:25] [main/INFO] - pickupnotifier: 8.0.0
[04:12:25] [main/INFO] - puzzlesaccessapi: 8.0.9
[04:12:25] [main/INFO] - puzzlesapi: 8.1.6
[04:12:25] [main/INFO] - puzzleslib: 8.1.24
[04:12:25] [main/INFO] - reach-entity-attributes: 2.4.0
[04:12:25] [main/INFO] - rightclickharvest: 3.2.3+1.19.x-1.20.1-fabric
[04:12:25] [main/INFO] - roughlyenoughitems: 12.1.785
[04:12:25] [main/INFO] - skin_changer: 0.6.6
[04:12:25] [main/INFO] - skinlayers3d: 1.6.7
[04:12:25] [main/INFO] - skinshuffle: 2.2.2+1.20.1
[04:12:25] [main/INFO] - threadtweak: 1.20.2-0.1.1
[04:12:25] [main/INFO] - toggleableitemframes: 5.1.0-1.20.1
[04:12:25] [main/INFO] - travelersbackpack: 9.1.36
[04:12:25] [main/INFO] - trinkets: 3.7.2
[04:12:25] [main/INFO] - u_desert: 1.6.0
[04:12:25] [main/INFO] - unwrecked_ships_plus: 2.0.5
[04:12:25] [main/INFO] - vmp: 0.2.0+beta.7.102
[04:12:25] [main/INFO] - wabi_sabi_structures: 2.0.0-1.20
[04:12:25] [main/INFO] - wunderlib: 1.1.5
[04:12:25] [main/INFO] - yet_another_config_lib_v3: 3.6.6+1.20.1-fabric
[04:12:25] [main/INFO] - yungsapi: 1.20-Fabric-4.0.6
[04:12:25] [main/INFO] ========================================
[04:12:26] [main/INFO] [REI] Registered plugin provider DefaultPlugin [roughlyenoughitems] for REIPlugin
[04:12:26] [main/INFO] [REI] Registered plugin provider DefaultRuntimePlugin [roughlyenoughitems] for REIPlugin
[04:12:26] [main/INFO] [REI] Registered plugin provider DefaultPlugin [roughlyenoughitems] for REIServerPlugin
[04:12:26] [main/INFO] [REI] Registered plugin provider DefaultRuntimePlugin [roughlyenoughitems] for REIServerPlugin
[04:12:26] [main/INFO] [REI] Registered plugin provider FabricFluidAPISupportPlugin for REIServerPlugin
[04:12:26] [main/INFO] [REI] Registered plugin provider FabricFluidAPISupportPlugin for REIPlugin
[04:13:49] [Worker-Main-3/DEBUG] [REI] Processed 20 tags in 1.881 ms for minecraft:entity_type
[04:13:49] [Worker-Main-2/DEBUG] [REI] Processed 1 tags in 27.18 μs for minecraft:painting_variant
[04:13:49] [Worker-Main-3/DEBUG] [REI] Processed 0 tags in 7.725 μs for minecraft:worldgen/processor_list
[04:13:49] [Worker-Main-2/DEBUG] [REI] Processed 4 tags in 23.24 μs for minecraft:fluid
[04:13:49] [Worker-Main-2/DEBUG] [REI] Processed 0 tags in 5.570 μs for minecraft:worldgen/world_preset
[04:13:49] [Worker-Main-2/DEBUG] [REI] Processed 0 tags in 6.412 μs for minecraft:worldgen/structure_set
[04:13:49] [Worker-Main-2/DEBUG] [REI] Processed 7 tags in 59.73 μs for minecraft:banner_pattern
[04:13:49] [Worker-Main-2/DEBUG] [REI] Processed 5 tags in 59.55 μs for minecraft:enchantment
[04:13:50] [Worker-Main-2/DEBUG] [REI] Processed 215 tags in 4.895 ms for minecraft:item
[04:13:50] [Worker-Main-2/DEBUG] [REI] Processed 2 tags in 22.80 μs for minecraft:cat_variant
[04:13:50] [Worker-Main-2/DEBUG] [REI] Processed 3 tags in 21.58 μs for minecraft:instrument
[04:13:50] [Worker-Main-1/DEBUG] [REI] Processed 0 tags in 152.8 μs for minecraft:worldgen/biome
[04:13:50] [Worker-Main-2/DEBUG] [REI] Processed 0 tags in 32.53 μs for minecraft:worldgen/structure
[04:13:50] [Worker-Main-2/DEBUG] [REI] Processed 5 tags in 76.44 μs for minecraft:game_event
[04:13:50] [Worker-Main-2/DEBUG] [REI] Processed 0 tags in 10.77 μs for minecraft:damage_type
[04:13:50] [Worker-Main-1/DEBUG] [REI] Processed 3 tags in 27.32 μs for minecraft:point_of_interest_type
[04:13:50] [Worker-Main-1/DEBUG] [REI] Processed 0 tags in 4.168 μs for minecraft:worldgen/flat_level_generator_preset
[04:13:50] [Worker-Main-3/DEBUG] [REI] Processed 246 tags in 2.500 ms for minecraft:block
[04:13:51] [main/DEBUG] [REI] Starting Reload Plugins of stage null
java.lang.Throwable
	at me.shedaniel.rei.impl.common.plugins.ReloadManagerImpl.reloadPlugins(ReloadManagerImpl.java:110)
	at me.shedaniel.rei.RoughlyEnoughItemsCore.lambda$onInitialize$5(RoughlyEnoughItemsCore.java:163)
	at java.base/java.util.concurrent.CompletableFuture$UniRun.tryFire(CompletableFuture.java:787)
	at java.base/java.util.concurrent.CompletableFuture$Completion.run(CompletableFuture.java:482)
	at net.minecraft.class_4014.method_18365(class_4014.java:69)
	at net.minecraft.class_156.method_43498(class_156.java:950)
	at net.minecraft.class_156.method_43499(class_156.java:938)
	at net.minecraft.server.Main.main(Main.java:160)
	at net.fabricmc.loader.impl.game.minecraft.MinecraftGameProvider.launch(MinecraftGameProvider.java:480)
	at net.fabricmc.loader.impl.launch.knot.Knot.launch(Knot.java:74)
	at net.fabricmc.loader.impl.launch.knot.KnotServer.main(KnotServer.java:23)
	at net.fabricmc.loader.impl.launch.server.FabricServerLauncher.main(FabricServerLauncher.java:69)
	at net.fabricmc.installer.ServerLauncher.main(ServerLauncher.java:69)
[04:13:51] [main/DEBUG] [REI] ========================================
[04:13:51] [main/DEBUG] [REI] REIPlugin starting pre-reload for START.
[04:13:51] [main/DEBUG] [REI] Reloadables (7):
[04:13:51] [main/DEBUG] [REI]  - EntryTypeRegistryImpl
[04:13:51] [main/DEBUG] [REI]  - EntrySettingsAdapterRegistryImpl
[04:13:51] [main/DEBUG] [REI]  - RecipeManagerContextImpl
[04:13:51] [main/DEBUG] [REI]  - ItemComparatorRegistryImpl
[04:13:51] [main/DEBUG] [REI]  - FluidComparatorRegistryImpl
[04:13:51] [main/DEBUG] [REI]  - DisplaySerializerRegistryImpl
[04:13:51] [main/DEBUG] [REI]  - FluidSupportProviderImpl
[04:13:51] [main/DEBUG] [REI] Plugins (3):
[04:13:51] [main/DEBUG] [REI]  - (-100.00) DefaultPlugin of DefaultPlugin [roughlyenoughitems]
[04:13:51] [main/DEBUG] [REI]  - (0.00) FabricFluidAPISupportPlugin
[04:13:51] [main/DEBUG] [REI]  - (0.00) DefaultRuntimePlugin of DefaultRuntimePlugin [roughlyenoughitems]
[04:13:51] [main/DEBUG] [REI] ========================================
[04:13:51] [main/TRACE] [REI] [REIPlugin START] Reloading Section: "pre-register/"
[04:13:51] [main/TRACE] [REI] [REIPlugin START] Reloading Section: "pre-register/DefaultPlugin of DefaultPlugin [roughlyenoughitems]/"
[04:13:51] [main/TRACE] [REI] [REIPlugin START] Reloading Section: "pre-register/DefaultPlugin of DefaultPlugin [roughlyenoughitems]/" done in 1.270 ms
[04:13:51] [main/TRACE] [REI] [REIPlugin START] Reloading Section: "pre-register/FabricFluidAPISupportPlugin/"
[04:13:51] [main/TRACE] [REI] [REIPlugin START] Reloading Section: "pre-register/FabricFluidAPISupportPlugin/" done in 48.41 μs
[04:13:51] [main/TRACE] [REI] [REIPlugin START] Reloading Section: "pre-register/DefaultRuntimePlugin of DefaultRuntimePlugin [roughlyenoughitems]/"
[04:13:51] [main/TRACE] [REI] [REIPlugin START] Reloading Section: "pre-register/DefaultRuntimePlugin of DefaultRuntimePlugin [roughlyenoughitems]/" done in 46.03 μs
[04:13:51] [main/TRACE] [REI] [REIPlugin START] Reloading Section: "pre-register/" done in 17.69 ms
[04:13:51] [main/TRACE] [REI] [REIPlugin START] Reloading Section: "pre-stage/"
[04:13:51] [main/TRACE] [REI] [REIPlugin START] Reloading Section: "pre-stage/EntryTypeRegistryImpl/"
[04:13:51] [main/TRACE] [REI] [REIPlugin START] Reloading Section: "pre-stage/EntryTypeRegistryImpl/" done in 259.0 μs
[04:13:51] [main/TRACE] [REI] [REIPlugin START] Reloading Section: "pre-stage/EntrySettingsAdapterRegistryImpl/"
[04:13:51] [main/TRACE] [REI] [REIPlugin START] Reloading Section: "pre-stage/EntrySettingsAdapterRegistryImpl/" done in 41.82 μs
[04:13:51] [main/TRACE] [REI] [REIPlugin START] Reloading Section: "pre-stage/RecipeManagerContextImpl/"
[04:13:51] [main/TRACE] [REI] [REIPlugin START] Reloading Section: "pre-stage/RecipeManagerContextImpl/" done in 52.38 μs
[04:13:51] [main/TRACE] [REI] [REIPlugin START] Reloading Section: "pre-stage/ItemComparatorRegistryImpl/"
[04:13:51] [main/TRACE] [REI] [REIPlugin START] Reloading Section: "pre-stage/ItemComparatorRegistryImpl/" done in 48.58 μs
[04:13:51] [main/TRACE] [REI] [REIPlugin START] Reloading Section: "pre-stage/FluidComparatorRegistryImpl/"
[04:13:51] [main/TRACE] [REI] [REIPlugin START] Reloading Section: "pre-stage/FluidComparatorRegistryImpl/" done in 46.01 μs
[04:13:51] [main/TRACE] [REI] [REIPlugin START] Reloading Section: "pre-stage/DisplaySerializerRegistryImpl/"
[04:13:51] [main/TRACE] [REI] [REIPlugin START] Reloading Section: "pre-stage/DisplaySerializerRegistryImpl/" done in 45.98 μs
[04:13:51] [main/TRACE] [REI] [REIPlugin START] Reloading Section: "pre-stage/FluidSupportProviderImpl/"
[04:13:51] [main/TRACE] [REI] [REIPlugin START] Reloading Section: "pre-stage/FluidSupportProviderImpl/" done in 48.36 μs
[04:13:51] [main/TRACE] [REI] [REIPlugin START] Reloading Section: "pre-stage/" done in 1.422 ms
[04:13:51] [main/DEBUG] [REI] ========================================
[04:13:51] [main/DEBUG] [REI] REIPlugin finished pre-reload for START in 19.65 ms.
[04:13:51] [main/DEBUG] [REI] ========================================
[04:13:51] [main/DEBUG] [REI] ========================================
[04:13:51] [main/DEBUG] [REI] REIServerPlugin starting pre-reload for START.
[04:13:51] [main/DEBUG] [REI] Reloadables (2):
[04:13:51] [main/DEBUG] [REI]  - MenuInfoRegistryImpl
[04:13:51] [main/DEBUG] [REI]  - SlotAccessorRegistryImpl
[04:13:51] [main/DEBUG] [REI] Plugins (3):
[04:13:51] [main/DEBUG] [REI]  - (-100.00) DefaultPlugin of DefaultPlugin [roughlyenoughitems]
[04:13:51] [main/DEBUG] [REI]  - (0.00) FabricFluidAPISupportPlugin
[04:13:51] [main/DEBUG] [REI]  - (0.00) DefaultRuntimePlugin of DefaultRuntimePlugin [roughlyenoughitems]
[04:13:51] [main/DEBUG] [REI] ========================================
[04:13:51] [main/TRACE] [REI] [REIServerPlugin START] Reloading Section: "pre-register/"
[04:13:51] [main/TRACE] [REI] [REIServerPlugin START] Reloading Section: "pre-register/DefaultPlugin of DefaultPlugin [roughlyenoughitems]/"
[04:13:51] [main/TRACE] [REI] [REIServerPlugin START] Reloading Section: "pre-register/DefaultPlugin of DefaultPlugin [roughlyenoughitems]/" done in 53.60 μs
[04:13:51] [main/TRACE] [REI] [REIServerPlugin START] Reloading Section: "pre-register/FabricFluidAPISupportPlugin/"
[04:13:51] [main/TRACE] [REI] [REIServerPlugin START] Reloading Section: "pre-register/FabricFluidAPISupportPlugin/" done in 77.93 μs
[04:13:51] [main/TRACE] [REI] [REIServerPlugin START] Reloading Section: "pre-register/DefaultRuntimePlugin of DefaultRuntimePlugin [roughlyenoughitems]/"
[04:13:51] [main/TRACE] [REI] [REIServerPlugin START] Reloading Section: "pre-register/DefaultRuntimePlugin of DefaultRuntimePlugin [roughlyenoughitems]/" done in 64.55 μs
[04:13:51] [main/TRACE] [REI] [REIServerPlugin START] Reloading Section: "pre-register/" done in 671.7 μs
[04:13:51] [main/TRACE] [REI] [REIServerPlugin START] Reloading Section: "pre-stage/"
[04:13:51] [main/TRACE] [REI] [REIServerPlugin START] Reloading Section: "pre-stage/MenuInfoRegistryImpl/"
[04:13:51] [main/TRACE] [REI] [REIServerPlugin START] Reloading Section: "pre-stage/MenuInfoRegistryImpl/" done in 52.22 μs
[04:13:51] [main/TRACE] [REI] [REIServerPlugin START] Reloading Section: "pre-stage/SlotAccessorRegistryImpl/"
[04:13:51] [main/TRACE] [REI] [REIServerPlugin START] Reloading Section: "pre-stage/SlotAccessorRegistryImpl/" done in 50.34 μs
[04:13:51] [main/TRACE] [REI] [REIServerPlugin START] Reloading Section: "pre-stage/" done in 339.3 μs
[04:13:51] [main/DEBUG] [REI] ========================================
[04:13:51] [main/DEBUG] [REI] REIServerPlugin finished pre-reload for START in 1.171 ms.
[04:13:51] [main/DEBUG] [REI] ========================================
[04:13:51] [main/INFO] [REI] ========================================
[04:13:51] [main/INFO] [REI] REIPlugin starting main-reload for START.
[04:13:51] [main/DEBUG] [REI] Reloadables (7):
[04:13:51] [main/DEBUG] [REI]  - EntryTypeRegistryImpl
[04:13:51] [main/DEBUG] [REI]  - EntrySettingsAdapterRegistryImpl
[04:13:51] [main/DEBUG] [REI]  - RecipeManagerContextImpl
[04:13:51] [main/DEBUG] [REI]  - ItemComparatorRegistryImpl
[04:13:51] [main/DEBUG] [REI]  - FluidComparatorRegistryImpl
[04:13:51] [main/DEBUG] [REI]  - DisplaySerializerRegistryImpl
[04:13:51] [main/DEBUG] [REI]  - FluidSupportProviderImpl
[04:13:51] [main/INFO] [REI] Plugins (3):
[04:13:51] [main/INFO] [REI]  - (-100.00) DefaultPlugin of DefaultPlugin [roughlyenoughitems]
[04:13:51] [main/INFO] [REI]  - (0.00) FabricFluidAPISupportPlugin
[04:13:51] [main/INFO] [REI]  - (0.00) DefaultRuntimePlugin of DefaultRuntimePlugin [roughlyenoughitems]
[04:13:51] [main/INFO] [REI] ========================================
[04:13:51] [main/TRACE] [REI] [REIPlugin START] Reloading Section: "start-reload/"
[04:13:51] [main/TRACE] [REI] [REIPlugin START] Reloading Section: "start-reload/EntryTypeRegistryImpl/"
[04:13:51] [main/TRACE] [REI] [REIPlugin START] Reloading Section: "start-reload/EntryTypeRegistryImpl/" done in 75.85 μs
[04:13:51] [main/TRACE] [REI] [REIPlugin START] Reloading Section: "start-reload/EntrySettingsAdapterRegistryImpl/"
[04:13:51] [main/TRACE] [REI] [REIPlugin START] Reloading Section: "start-reload/EntrySettingsAdapterRegistryImpl/" done in 35.64 μs
[04:13:51] [main/TRACE] [REI] [REIPlugin START] Reloading Section: "start-reload/RecipeManagerContextImpl/"
[04:13:51] [main/TRACE] [REI] [REIPlugin START] Reloading Section: "start-reload/RecipeManagerContextImpl/" done in 66.41 μs
[04:13:51] [main/TRACE] [REI] [REIPlugin START] Reloading Section: "start-reload/ItemComparatorRegistryImpl/"
[04:13:51] [main/TRACE] [REI] [REIPlugin START] Reloading Section: "start-reload/ItemComparatorRegistryImpl/" done in 57.98 μs
[04:13:51] [main/TRACE] [REI] [REIPlugin START] Reloading Section: "start-reload/FluidComparatorRegistryImpl/"
[04:13:51] [main/TRACE] [REI] [REIPlugin START] Reloading Section: "start-reload/FluidComparatorRegistryImpl/" done in 32.14 μs
[04:13:51] [main/TRACE] [REI] [REIPlugin START] Reloading Section: "start-reload/DisplaySerializerRegistryImpl/"
[04:13:51] [main/TRACE] [REI] [REIPlugin START] Reloading Section: "start-reload/DisplaySerializerRegistryImpl/" done in 31.04 μs
[04:13:51] [main/TRACE] [REI] [REIPlugin START] Reloading Section: "start-reload/FluidSupportProviderImpl/"
[04:13:51] [main/TRACE] [REI] [REIPlugin START] Reloading Section: "start-reload/FluidSupportProviderImpl/" done in 50.12 μs
[04:13:51] [main/TRACE] [REI] [REIPlugin START] Reloading Section: "start-reload/" done in 1.595 ms
[04:13:51] [main/DEBUG] [REI] ========================================
[04:13:51] [main/DEBUG] [REI] REIPlugin started main-reload for START.
[04:13:51] [main/DEBUG] [REI] ========================================
[04:13:51] [main/TRACE] [REI] [REIPlugin START] Reloading Section: "reloadable-plugin/EntryTypeRegistryImpl/"
[04:13:51] [main/TRACE] [REI] [REIPlugin START] Reloading Section: "reloadable-plugin/EntryTypeRegistryImpl/DefaultPlugin of DefaultPlugin [roughlyenoughitems]/"
[04:13:51] [main/TRACE] [REI] [REIPlugin START] Reloading Section: "reloadable-plugin/EntryTypeRegistryImpl/DefaultPlugin of DefaultPlugin [roughlyenoughitems]/" done in 530.3 μs
[04:13:51] [main/TRACE] [REI] [REIPlugin START] Reloading Section: "reloadable-plugin/EntryTypeRegistryImpl/FabricFluidAPISupportPlugin/"
[04:13:51] [main/TRACE] [REI] [REIPlugin START] Reloading Section: "reloadable-plugin/EntryTypeRegistryImpl/FabricFluidAPISupportPlugin/" done in 53.60 μs
[04:13:51] [main/TRACE] [REI] [REIPlugin START] Reloading Section: "reloadable-plugin/EntryTypeRegistryImpl/DefaultRuntimePlugin of DefaultRuntimePlugin [roughlyenoughitems]/"
[04:13:51] [main/TRACE] [REI] [REIPlugin START] Reloading Section: "reloadable-plugin/EntryTypeRegistryImpl/DefaultRuntimePlugin of DefaultRuntimePlugin [roughlyenoughitems]/" done in 11.10 ms
[04:13:51] [main/TRACE] [REI] [REIPlugin START] Reloading Section: "reloadable-plugin/EntryTypeRegistryImpl/" done in 13.17 ms
[04:13:51] [main/TRACE] [REI] [REIPlugin START] Reloading Section: "reloadable-plugin/EntrySettingsAdapterRegistryImpl/"
[04:13:51] [main/TRACE] [REI] [REIPlugin START] Reloading Section: "reloadable-plugin/EntrySettingsAdapterRegistryImpl/DefaultPlugin of DefaultPlugin [roughlyenoughitems]/"
[04:13:51] [main/TRACE] [REI] [REIPlugin START] Reloading Section: "reloadable-plugin/EntrySettingsAdapterRegistryImpl/DefaultPlugin of DefaultPlugin [roughlyenoughitems]/" done in 71.61 μs
[04:13:51] [main/TRACE] [REI] [REIPlugin START] Reloading Section: "reloadable-plugin/EntrySettingsAdapterRegistryImpl/FabricFluidAPISupportPlugin/"
[04:13:51] [main/TRACE] [REI] [REIPlugin START] Reloading Section: "reloadable-plugin/EntrySettingsAdapterRegistryImpl/FabricFluidAPISupportPlugin/" done in 47.60 μs
[04:13:51] [main/TRACE] [REI] [REIPlugin START] Reloading Section: "reloadable-plugin/EntrySettingsAdapterRegistryImpl/DefaultRuntimePlugin of DefaultRuntimePlugin [roughlyenoughitems]/"
[04:13:51] [main/TRACE] [REI] [REIPlugin START] Reloading Section: "reloadable-plugin/EntrySettingsAdapterRegistryImpl/DefaultRuntimePlugin of DefaultRuntimePlugin [roughlyenoughitems]/" done in 61.37 μs
[04:13:51] [main/TRACE] [REI] [REIPlugin START] Reloading Section: "reloadable-plugin/EntrySettingsAdapterRegistryImpl/" done in 530.1 μs
[04:13:51] [main/TRACE] [REI] [REIPlugin START] Reloading Section: "reloadable-plugin/RecipeManagerContextImpl/"
[04:13:51] [main/TRACE] [REI] [REIPlugin START] Reloading Section: "reloadable-plugin/RecipeManagerContextImpl/DefaultPlugin of DefaultPlugin [roughlyenoughitems]/"
[04:13:51] [main/TRACE] [REI] [REIPlugin START] Reloading Section: "reloadable-plugin/RecipeManagerContextImpl/DefaultPlugin of DefaultPlugin [roughlyenoughitems]/" done in 37.95 μs
[04:13:51] [main/TRACE] [REI] [REIPlugin START] Reloading Section: "reloadable-plugin/RecipeManagerContextImpl/FabricFluidAPISupportPlugin/"
[04:13:51] [main/TRACE] [REI] [REIPlugin START] Reloading Section: "reloadable-plugin/RecipeManagerContextImpl/FabricFluidAPISupportPlugin/" done in 41.38 μs
[04:13:51] [main/TRACE] [REI] [REIPlugin START] Reloading Section: "reloadable-plugin/RecipeManagerContextImpl/DefaultRuntimePlugin of DefaultRuntimePlugin [roughlyenoughitems]/"
[04:13:51] [main/TRACE] [REI] [REIPlugin START] Reloading Section: "reloadable-plugin/RecipeManagerContextImpl/DefaultRuntimePlugin of DefaultRuntimePlugin [roughlyenoughitems]/" done in 44.97 μs
[04:13:51] [main/TRACE] [REI] [REIPlugin START] Reloading Section: "reloadable-plugin/RecipeManagerContextImpl/" done in 417.8 μs
[04:13:51] [main/TRACE] [REI] [REIPlugin START] Reloading Section: "reloadable-plugin/ItemComparatorRegistryImpl/"
[04:13:51] [main/TRACE] [REI] [REIPlugin START] Reloading Section: "reloadable-plugin/ItemComparatorRegistryImpl/DefaultPlugin of DefaultPlugin [roughlyenoughitems]/"
[04:13:51] [main/TRACE] [REI] [REIPlugin START] Reloading Section: "reloadable-plugin/ItemComparatorRegistryImpl/DefaultPlugin of DefaultPlugin [roughlyenoughitems]/" done in 1.030 ms
[04:13:51] [main/TRACE] [REI] [REIPlugin START] Reloading Section: "reloadable-plugin/ItemComparatorRegistryImpl/FabricFluidAPISupportPlugin/"
[04:13:51] [main/TRACE] [REI] [REIPlugin START] Reloading Section: "reloadable-plugin/ItemComparatorRegistryImpl/FabricFluidAPISupportPlugin/" done in 48.72 μs
[04:13:51] [main/TRACE] [REI] [REIPlugin START] Reloading Section: "reloadable-plugin/ItemComparatorRegistryImpl/DefaultRuntimePlugin of DefaultRuntimePlugin [roughlyenoughitems]/"
[04:13:51] [main/TRACE] [REI] [REIPlugin START] Reloading Section: "reloadable-plugin/ItemComparatorRegistryImpl/DefaultRuntimePlugin of DefaultRuntimePlugin [roughlyenoughitems]/" done in 54.75 μs
[04:13:51] [main/TRACE] [REI] [REIPlugin START] Reloading Section: "reloadable-plugin/ItemComparatorRegistryImpl/" done in 1.484 ms
[04:13:51] [main/TRACE] [REI] [REIPlugin START] Reloading Section: "reloadable-plugin/FluidComparatorRegistryImpl/"
[04:13:51] [main/TRACE] [REI] [REIPlugin START] Reloading Section: "reloadable-plugin/FluidComparatorRegistryImpl/DefaultPlugin of DefaultPlugin [roughlyenoughitems]/"
[04:13:51] [main/TRACE] [REI] [REIPlugin START] Reloading Section: "reloadable-plugin/FluidComparatorRegistryImpl/DefaultPlugin of DefaultPlugin [roughlyenoughitems]/" done in 73.53 μs
[04:13:51] [main/TRACE] [REI] [REIPlugin START] Reloading Section: "reloadable-plugin/FluidComparatorRegistryImpl/FabricFluidAPISupportPlugin/"
[04:13:51] [main/TRACE] [REI] [REIPlugin START] Reloading Section: "reloadable-plugin/FluidComparatorRegistryImpl/FabricFluidAPISupportPlugin/" done in 62.47 μs
[04:13:51] [main/TRACE] [REI] [REIPlugin START] Reloading Section: "reloadable-plugin/FluidComparatorRegistryImpl/DefaultRuntimePlugin of DefaultRuntimePlugin [roughlyenoughitems]/"
[04:13:51] [main/TRACE] [REI] [REIPlugin START] Reloading Section: "reloadable-plugin/FluidComparatorRegistryImpl/DefaultRuntimePlugin of DefaultRuntimePlugin [roughlyenoughitems]/" done in 49.08 μs
[04:13:51] [main/TRACE] [REI] [REIPlugin START] Reloading Section: "reloadable-plugin/FluidComparatorRegistryImpl/" done in 487.3 μs
[04:13:51] [main/TRACE] [REI] [REIPlugin START] Reloading Section: "reloadable-plugin/DisplaySerializerRegistryImpl/"
[04:13:51] [main/TRACE] [REI] [REIPlugin START] Reloading Section: "reloadable-plugin/DisplaySerializerRegistryImpl/DefaultPlugin of DefaultPlugin [roughlyenoughitems]/"
[04:13:51] [main/TRACE] [REI] [REIPlugin START] Reloading Section: "reloadable-plugin/DisplaySerializerRegistryImpl/DefaultPlugin of DefaultPlugin [roughlyenoughitems]/" done in 46.70 μs
[04:13:51] [main/TRACE] [REI] [REIPlugin START] Reloading Section: "reloadable-plugin/DisplaySerializerRegistryImpl/FabricFluidAPISupportPlugin/"
[04:13:51] [main/TRACE] [REI] [REIPlugin START] Reloading Section: "reloadable-plugin/DisplaySerializerRegistryImpl/FabricFluidAPISupportPlugin/" done in 49.19 μs
[04:13:51] [main/TRACE] [REI] [REIPlugin START] Reloading Section: "reloadable-plugin/DisplaySerializerRegistryImpl/DefaultRuntimePlugin of DefaultRuntimePlugin [roughlyenoughitems]/"
[04:13:51] [main/TRACE] [REI] [REIPlugin START] Reloading Section: "reloadable-plugin/DisplaySerializerRegistryImpl/DefaultRuntimePlugin of DefaultRuntimePlugin [roughlyenoughitems]/" done in 44.53 μs
[04:13:51] [main/TRACE] [REI] [REIPlugin START] Reloading Section: "reloadable-plugin/DisplaySerializerRegistryImpl/" done in 468.6 μs
[04:13:51] [main/TRACE] [REI] [REIPlugin START] Reloading Section: "reloadable-plugin/FluidSupportProviderImpl/"
[04:13:51] [main/TRACE] [REI] [REIPlugin START] Reloading Section: "reloadable-plugin/FluidSupportProviderImpl/DefaultPlugin of DefaultPlugin [roughlyenoughitems]/"
[04:13:51] [main/TRACE] [REI] [REIPlugin START] Reloading Section: "reloadable-plugin/FluidSupportProviderImpl/DefaultPlugin of DefaultPlugin [roughlyenoughitems]/" done in 443.7 μs
[04:13:51] [main/TRACE] [REI] [REIPlugin START] Reloading Section: "reloadable-plugin/FluidSupportProviderImpl/FabricFluidAPISupportPlugin/"
[04:13:51] [main/TRACE] [REI] [REIPlugin START] Reloading Section: "reloadable-plugin/FluidSupportProviderImpl/FabricFluidAPISupportPlugin/" done in 225.8 μs
[04:13:51] [main/TRACE] [REI] [REIPlugin START] Reloading Section: "reloadable-plugin/FluidSupportProviderImpl/DefaultRuntimePlugin of DefaultRuntimePlugin [roughlyenoughitems]/"
[04:13:51] [main/TRACE] [REI] [REIPlugin START] Reloading Section: "reloadable-plugin/FluidSupportProviderImpl/DefaultRuntimePlugin of DefaultRuntimePlugin [roughlyenoughitems]/" done in 53.65 μs
[04:13:51] [main/TRACE] [REI] [REIPlugin START] Reloading Section: "reloadable-plugin/FluidSupportProviderImpl/" done in 1.094 ms
[04:13:51] [main/DEBUG] [REI] ========================================
[04:13:51] [main/DEBUG] [REI] REIPlugin ending main-reload for START.
[04:13:51] [main/DEBUG] [REI] ========================================
[04:13:51] [main/TRACE] [REI] [REIPlugin START] Reloading Section: "end-reload/"
[04:13:51] [main/TRACE] [REI] [REIPlugin START] Reloading Section: "end-reload/EntryTypeRegistryImpl/"
[04:13:51] [main/TRACE] [REI] [REIPlugin START] Reloading Section: "end-reload/EntryTypeRegistryImpl/" done in 66.56 μs
[04:13:51] [main/TRACE] [REI] [REIPlugin START] Reloading Section: "end-reload/EntrySettingsAdapterRegistryImpl/"
[04:13:51] [main/TRACE] [REI] [REIPlugin START] Reloading Section: "end-reload/EntrySettingsAdapterRegistryImpl/" done in 53.31 μs
[04:13:51] [main/TRACE] [REI] [REIPlugin START] Reloading Section: "end-reload/RecipeManagerContextImpl/"
[04:13:51] [main/TRACE] [REI] [REIPlugin START] Reloading Section: "end-reload/RecipeManagerContextImpl/" done in 34.66 μs
[04:13:51] [main/TRACE] [REI] [REIPlugin START] Reloading Section: "end-reload/ItemComparatorRegistryImpl/"
[04:13:51] [main/TRACE] [REI] [REIPlugin START] Reloading Section: "end-reload/ItemComparatorRegistryImpl/" done in 30.75 μs
[04:13:51] [main/TRACE] [REI] [REIPlugin START] Reloading Section: "end-reload/FluidComparatorRegistryImpl/"
[04:13:51] [main/TRACE] [REI] [REIPlugin START] Reloading Section: "end-reload/FluidComparatorRegistryImpl/" done in 29.63 μs
[04:13:51] [main/TRACE] [REI] [REIPlugin START] Reloading Section: "end-reload/DisplaySerializerRegistryImpl/"
[04:13:51] [main/TRACE] [REI] [REIPlugin START] Reloading Section: "end-reload/DisplaySerializerRegistryImpl/" done in 26.00 μs
[04:13:51] [main/TRACE] [REI] [REIPlugin START] Reloading Section: "end-reload/FluidSupportProviderImpl/"
[04:13:51] [main/TRACE] [REI] [REIPlugin START] Reloading Section: "end-reload/FluidSupportProviderImpl/" done in 33.88 μs
[04:13:51] [main/TRACE] [REI] [REIPlugin START] Reloading Section: "end-reload/" done in 923.0 μs
[04:13:51] [main/DEBUG] [REI] ========================================
[04:13:51] [main/DEBUG] [REI] REIPlugin ended main-reload for START in 25.87 ms.
[04:13:51] [main/DEBUG] [REI] ========================================
[04:13:51] [main/INFO] [REI] ========================================
[04:13:51] [main/INFO] [REI] REIServerPlugin starting main-reload for START.
[04:13:51] [main/DEBUG] [REI] Reloadables (2):
[04:13:51] [main/DEBUG] [REI]  - MenuInfoRegistryImpl
[04:13:51] [main/DEBUG] [REI]  - SlotAccessorRegistryImpl
[04:13:51] [main/INFO] [REI] Plugins (3):
[04:13:51] [main/INFO] [REI]  - (-100.00) DefaultPlugin of DefaultPlugin [roughlyenoughitems]
[04:13:51] [main/INFO] [REI]  - (0.00) FabricFluidAPISupportPlugin
[04:13:51] [main/INFO] [REI]  - (0.00) DefaultRuntimePlugin of DefaultRuntimePlugin [roughlyenoughitems]
[04:13:51] [main/INFO] [REI] ========================================
[04:13:51] [main/TRACE] [REI] [REIServerPlugin START] Reloading Section: "start-reload/"
[04:13:51] [main/TRACE] [REI] [REIServerPlugin START] Reloading Section: "start-reload/MenuInfoRegistryImpl/"
[04:13:51] [main/TRACE] [REI] [REIServerPlugin START] Reloading Section: "start-reload/MenuInfoRegistryImpl/" done in 82.89 μs
[04:13:51] [main/TRACE] [REI] [REIServerPlugin START] Reloading Section: "start-reload/SlotAccessorRegistryImpl/"
[04:13:51] [main/TRACE] [REI] [REIServerPlugin START] Reloading Section: "start-reload/SlotAccessorRegistryImpl/" done in 73.89 μs
[04:13:51] [main/TRACE] [REI] [REIServerPlugin START] Reloading Section: "start-reload/" done in 673.1 μs
[04:13:51] [main/DEBUG] [REI] ========================================
[04:13:51] [main/DEBUG] [REI] REIServerPlugin started main-reload for START.
[04:13:51] [main/DEBUG] [REI] ========================================
[04:13:51] [main/TRACE] [REI] [REIServerPlugin START] Reloading Section: "reloadable-plugin/MenuInfoRegistryImpl/"
[04:13:51] [main/TRACE] [REI] [REIServerPlugin START] Reloading Section: "reloadable-plugin/MenuInfoRegistryImpl/DefaultPlugin of DefaultPlugin [roughlyenoughitems]/"
[04:13:51] [main/TRACE] [REI] [REIServerPlugin START] Reloading Section: "reloadable-plugin/MenuInfoRegistryImpl/DefaultPlugin of DefaultPlugin [roughlyenoughitems]/" done in 60.00 μs
[04:13:51] [main/TRACE] [REI] [REIServerPlugin START] Reloading Section: "reloadable-plugin/MenuInfoRegistryImpl/FabricFluidAPISupportPlugin/"
[04:13:51] [main/TRACE] [REI] [REIServerPlugin START] Reloading Section: "reloadable-plugin/MenuInfoRegistryImpl/FabricFluidAPISupportPlugin/" done in 57.11 μs
[04:13:51] [main/TRACE] [REI] [REIServerPlugin START] Reloading Section: "reloadable-plugin/MenuInfoRegistryImpl/DefaultRuntimePlugin of DefaultRuntimePlugin [roughlyenoughitems]/"
[04:13:51] [main/TRACE] [REI] [REIServerPlugin START] Reloading Section: "reloadable-plugin/MenuInfoRegistryImpl/DefaultRuntimePlugin of DefaultRuntimePlugin [roughlyenoughitems]/" done in 52.17 μs
[04:13:51] [main/TRACE] [REI] [REIServerPlugin START] Reloading Section: "reloadable-plugin/MenuInfoRegistryImpl/" done in 553.0 μs
[04:13:51] [main/TRACE] [REI] [REIServerPlugin START] Reloading Section: "reloadable-plugin/SlotAccessorRegistryImpl/"
[04:13:51] [main/TRACE] [REI] [REIServerPlugin START] Reloading Section: "reloadable-plugin/SlotAccessorRegistryImpl/DefaultPlugin of DefaultPlugin [roughlyenoughitems]/"
[04:13:51] [main/TRACE] [REI] [REIServerPlugin START] Reloading Section: "reloadable-plugin/SlotAccessorRegistryImpl/DefaultPlugin of DefaultPlugin [roughlyenoughitems]/" done in 45.41 μs
[04:13:51] [main/TRACE] [REI] [REIServerPlugin START] Reloading Section: "reloadable-plugin/SlotAccessorRegistryImpl/FabricFluidAPISupportPlugin/"
[04:13:51] [main/TRACE] [REI] [REIServerPlugin START] Reloading Section: "reloadable-plugin/SlotAccessorRegistryImpl/FabricFluidAPISupportPlugin/" done in 44.14 μs
[04:13:51] [main/TRACE] [REI] [REIServerPlugin START] Reloading Section: "reloadable-plugin/SlotAccessorRegistryImpl/DefaultRuntimePlugin of DefaultRuntimePlugin [roughlyenoughitems]/"
[04:13:51] [main/TRACE] [REI] [REIServerPlugin START] Reloading Section: "reloadable-plugin/SlotAccessorRegistryImpl/DefaultRuntimePlugin of DefaultRuntimePlugin [roughlyenoughitems]/" done in 47.55 μs
[04:13:51] [main/TRACE] [REI] [REIServerPlugin START] Reloading Section: "reloadable-plugin/SlotAccessorRegistryImpl/" done in 483.8 μs
[04:13:51] [main/DEBUG] [REI] ========================================
[04:13:51] [main/DEBUG] [REI] REIServerPlugin ending main-reload for START.
[04:13:51] [main/DEBUG] [REI] ========================================
[04:13:51] [main/TRACE] [REI] [REIServerPlugin START] Reloading Section: "end-reload/"
[04:13:51] [main/TRACE] [REI] [REIServerPlugin START] Reloading Section: "end-reload/MenuInfoRegistryImpl/"
[04:13:51] [main/TRACE] [REI] [REIServerPlugin START] Reloading Section: "end-reload/MenuInfoRegistryImpl/" done in 40.67 μs
[04:13:51] [main/TRACE] [REI] [REIServerPlugin START] Reloading Section: "end-reload/SlotAccessorRegistryImpl/"
[04:13:51] [main/TRACE] [REI] [REIServerPlugin START] Reloading Section: "end-reload/SlotAccessorRegistryImpl/" done in 38.17 μs
[04:13:51] [main/TRACE] [REI] [REIServerPlugin START] Reloading Section: "end-reload/" done in 288.5 μs
[04:13:51] [main/DEBUG] [REI] ========================================
[04:13:51] [main/DEBUG] [REI] REIServerPlugin ended main-reload for START in 4.503 ms.
[04:13:51] [main/DEBUG] [REI] ========================================
[04:13:51] [main/DEBUG] [REI] ========================================
[04:13:51] [main/DEBUG] [REI] REIPlugin starting post-reload for START.
[04:13:51] [main/DEBUG] [REI] Reloadables (7):
[04:13:51] [main/DEBUG] [REI]  - EntryTypeRegistryImpl
[04:13:51] [main/DEBUG] [REI]  - EntrySettingsAdapterRegistryImpl
[04:13:51] [main/DEBUG] [REI]  - RecipeManagerContextImpl
[04:13:51] [main/DEBUG] [REI]  - ItemComparatorRegistryImpl
[04:13:51] [main/DEBUG] [REI]  - FluidComparatorRegistryImpl
[04:13:51] [main/DEBUG] [REI]  - DisplaySerializerRegistryImpl
[04:13:51] [main/DEBUG] [REI]  - FluidSupportProviderImpl
[04:13:51] [main/DEBUG] [REI] Plugins (3):
[04:13:51] [main/DEBUG] [REI]  - (-100.00) DefaultPlugin of DefaultPlugin [roughlyenoughitems]
[04:13:51] [main/DEBUG] [REI]  - (0.00) FabricFluidAPISupportPlugin
[04:13:51] [main/DEBUG] [REI]  - (0.00) DefaultRuntimePlugin of DefaultRuntimePlugin [roughlyenoughitems]
[04:13:51] [main/DEBUG] [REI] ========================================
[04:13:51] [main/TRACE] [REI] [REIPlugin START] Reloading Section: "post-register/"
[04:13:51] [main/TRACE] [REI] [REIPlugin START] Reloading Section: "post-register/DefaultPlugin of DefaultPlugin [roughlyenoughitems]/"
[04:13:51] [main/TRACE] [REI] [REIPlugin START] Reloading Section: "post-register/DefaultPlugin of DefaultPlugin [roughlyenoughitems]/" done in 211.6 μs
[04:13:51] [main/TRACE] [REI] [REIPlugin START] Reloading Section: "post-register/FabricFluidAPISupportPlugin/"
[04:13:51] [main/TRACE] [REI] [REIPlugin START] Reloading Section: "post-register/FabricFluidAPISupportPlugin/" done in 30.70 μs
[04:13:51] [main/TRACE] [REI] [REIPlugin START] Reloading Section: "post-register/DefaultRuntimePlugin of DefaultRuntimePlugin [roughlyenoughitems]/"
[04:13:51] [main/TRACE] [REI] [REIPlugin START] Reloading Section: "post-register/DefaultRuntimePlugin of DefaultRuntimePlugin [roughlyenoughitems]/" done in 70.30 μs
[04:13:51] [main/TRACE] [REI] [REIPlugin START] Reloading Section: "post-register/" done in 808.1 μs
[04:13:51] [main/TRACE] [REI] [REIPlugin START] Reloading Section: "post-stage/"
[04:13:51] [main/TRACE] [REI] [REIPlugin START] Reloading Section: "post-stage/EntryTypeRegistryImpl/"
[04:13:51] [main/TRACE] [REI] [REIPlugin START] Reloading Section: "post-stage/EntryTypeRegistryImpl/" done in 140.4 μs
[04:13:51] [main/TRACE] [REI] [REIPlugin START] Reloading Section: "post-stage/EntrySettingsAdapterRegistryImpl/"
[04:13:51] [main/TRACE] [REI] [REIPlugin START] Reloading Section: "post-stage/EntrySettingsAdapterRegistryImpl/" done in 28.90 μs
[04:13:51] [main/TRACE] [REI] [REIPlugin START] Reloading Section: "post-stage/RecipeManagerContextImpl/"
[04:13:51] [main/TRACE] [REI] [REIPlugin START] Reloading Section: "post-stage/RecipeManagerContextImpl/" done in 36.26 μs
[04:13:51] [main/TRACE] [REI] [REIPlugin START] Reloading Section: "post-stage/ItemComparatorRegistryImpl/"
[04:13:51] [main/TRACE] [REI] [REIPlugin START] Reloading Section: "post-stage/ItemComparatorRegistryImpl/" done in 23.10 μs
[04:13:51] [main/TRACE] [REI] [REIPlugin START] Reloading Section: "post-stage/FluidComparatorRegistryImpl/"
[04:13:51] [main/TRACE] [REI] [REIPlugin START] Reloading Section: "post-stage/FluidComparatorRegistryImpl/" done in 36.83 μs
[04:13:51] [main/TRACE] [REI] [REIPlugin START] Reloading Section: "post-stage/DisplaySerializerRegistryImpl/"
[04:13:51] [main/TRACE] [REI] [REIPlugin START] Reloading Section: "post-stage/DisplaySerializerRegistryImpl/" done in 22.69 μs
[04:13:51] [main/TRACE] [REI] [REIPlugin START] Reloading Section: "post-stage/FluidSupportProviderImpl/"
[04:13:51] [main/TRACE] [REI] [REIPlugin START] Reloading Section: "post-stage/FluidSupportProviderImpl/" done in 22.66 μs
[04:13:51] [main/TRACE] [REI] [REIPlugin START] Reloading Section: "post-stage/" done in 1.181 ms
[04:13:51] [main/DEBUG] [REI] ========================================
[04:13:51] [main/INFO] [REI] REIPlugin finished post-reload for START in 2.948 ms, totaling 48.45 ms.
[04:13:51] [main/DEBUG] [REI] ========================================
[04:13:51] [main/DEBUG] [REI] ========================================
[04:13:51] [main/DEBUG] [REI] REIServerPlugin starting post-reload for START.
[04:13:51] [main/DEBUG] [REI] Reloadables (2):
[04:13:51] [main/DEBUG] [REI]  - MenuInfoRegistryImpl
[04:13:51] [main/DEBUG] [REI]  - SlotAccessorRegistryImpl
[04:13:51] [main/DEBUG] [REI] Plugins (3):
[04:13:51] [main/DEBUG] [REI]  - (-100.00) DefaultPlugin of DefaultPlugin [roughlyenoughitems]
[04:13:51] [main/DEBUG] [REI]  - (0.00) FabricFluidAPISupportPlugin
[04:13:51] [main/DEBUG] [REI]  - (0.00) DefaultRuntimePlugin of DefaultRuntimePlugin [roughlyenoughitems]
[04:13:51] [main/DEBUG] [REI] ========================================
[04:13:51] [main/TRACE] [REI] [REIServerPlugin START] Reloading Section: "post-register/"
[04:13:51] [main/TRACE] [REI] [REIServerPlugin START] Reloading Section: "post-register/DefaultPlugin of DefaultPlugin [roughlyenoughitems]/"
[04:13:51] [main/TRACE] [REI] [REIServerPlugin START] Reloading Section: "post-register/DefaultPlugin of DefaultPlugin [roughlyenoughitems]/" done in 26.20 μs
[04:13:51] [main/TRACE] [REI] [REIServerPlugin START] Reloading Section: "post-register/FabricFluidAPISupportPlugin/"
[04:13:51] [main/TRACE] [REI] [REIServerPlugin START] Reloading Section: "post-register/FabricFluidAPISupportPlugin/" done in 25.99 μs
[04:13:51] [main/TRACE] [REI] [REIServerPlugin START] Reloading Section: "post-register/DefaultRuntimePlugin of DefaultRuntimePlugin [roughlyenoughitems]/"
[04:13:51] [main/TRACE] [REI] [REIServerPlugin START] Reloading Section: "post-register/DefaultRuntimePlugin of DefaultRuntimePlugin [roughlyenoughitems]/" done in 26.98 μs
[04:13:51] [main/TRACE] [REI] [REIServerPlugin START] Reloading Section: "post-register/" done in 815.8 μs
[04:13:51] [main/TRACE] [REI] [REIServerPlugin START] Reloading Section: "post-stage/"
[04:13:51] [main/TRACE] [REI] [REIServerPlugin START] Reloading Section: "post-stage/MenuInfoRegistryImpl/"
[04:13:51] [main/TRACE] [REI] [REIServerPlugin START] Reloading Section: "post-stage/MenuInfoRegistryImpl/" done in 44.10 μs
[04:13:51] [main/TRACE] [REI] [REIServerPlugin START] Reloading Section: "post-stage/SlotAccessorRegistryImpl/"
[04:13:51] [main/TRACE] [REI] [REIServerPlugin START] Reloading Section: "post-stage/SlotAccessorRegistryImpl/" done in 41.21 μs
[04:13:51] [main/TRACE] [REI] [REIServerPlugin START] Reloading Section: "post-stage/" done in 358.5 μs
[04:13:51] [main/DEBUG] [REI] ========================================
[04:13:51] [main/INFO] [REI] REIServerPlugin finished post-reload for START in 1.528 ms, totaling 7.157 ms.
[04:13:51] [main/DEBUG] [REI] ========================================
[04:13:51] [main/DEBUG] [REI] ========================================
[04:13:51] [main/DEBUG] [REI] REIPlugin starting pre-reload for END.
[04:13:51] [main/DEBUG] [REI] Reloadables (7):
[04:13:51] [main/DEBUG] [REI]  - EntryTypeRegistryImpl
[04:13:51] [main/DEBUG] [REI]  - EntrySettingsAdapterRegistryImpl
[04:13:51] [main/DEBUG] [REI]  - RecipeManagerContextImpl
[04:13:51] [main/DEBUG] [REI]  - ItemComparatorRegistryImpl
[04:13:51] [main/DEBUG] [REI]  - FluidComparatorRegistryImpl
[04:13:51] [main/DEBUG] [REI]  - DisplaySerializerRegistryImpl
[04:13:51] [main/DEBUG] [REI]  - FluidSupportProviderImpl
[04:13:51] [main/DEBUG] [REI] Plugins (3):
[04:13:51] [main/DEBUG] [REI]  - (-100.00) DefaultPlugin of DefaultPlugin [roughlyenoughitems]
[04:13:51] [main/DEBUG] [REI]  - (0.00) FabricFluidAPISupportPlugin
[04:13:51] [main/DEBUG] [REI]  - (0.00) DefaultRuntimePlugin of DefaultRuntimePlugin [roughlyenoughitems]
[04:13:51] [main/DEBUG] [REI] ========================================
[04:13:51] [main/TRACE] [REI] [REIPlugin END] Reloading Section: "pre-register/"
[04:13:51] [main/TRACE] [REI] [REIPlugin END] Reloading Section: "pre-register/DefaultPlugin of DefaultPlugin [roughlyenoughitems]/"
[04:13:51] [main/TRACE] [REI] [REIPlugin END] Reloading Section: "pre-register/DefaultPlugin of DefaultPlugin [roughlyenoughitems]/" done in 576.5 μs
[04:13:51] [main/TRACE] [REI] [REIPlugin END] Reloading Section: "pre-register/FabricFluidAPISupportPlugin/"
[04:13:51] [main/TRACE] [REI] [REIPlugin END] Reloading Section: "pre-register/FabricFluidAPISupportPlugin/" done in 56.15 μs
[04:13:51] [main/TRACE] [REI] [REIPlugin END] Reloading Section: "pre-register/DefaultRuntimePlugin of DefaultRuntimePlugin [roughlyenoughitems]/"
[04:13:51] [main/TRACE] [REI] [REIPlugin END] Reloading Section: "pre-register/DefaultRuntimePlugin of DefaultRuntimePlugin [roughlyenoughitems]/" done in 102.6 μs
[04:13:51] [main/TRACE] [REI] [REIPlugin END] Reloading Section: "pre-register/" done in 1.308 ms
[04:13:51] [main/TRACE] [REI] [REIPlugin END] Reloading Section: "pre-stage/"
[04:13:51] [main/TRACE] [REI] [REIPlugin END] Reloading Section: "pre-stage/EntryTypeRegistryImpl/"
[04:13:51] [main/TRACE] [REI] [REIPlugin END] Reloading Section: "pre-stage/EntryTypeRegistryImpl/" done in 46.97 μs
[04:13:51] [main/TRACE] [REI] [REIPlugin END] Reloading Section: "pre-stage/EntrySettingsAdapterRegistryImpl/"
[04:13:51] [main/TRACE] [REI] [REIPlugin END] Reloading Section: "pre-stage/EntrySettingsAdapterRegistryImpl/" done in 37.48 μs
[04:13:51] [main/TRACE] [REI] [REIPlugin END] Reloading Section: "pre-stage/RecipeManagerContextImpl/"
[04:13:51] [main/TRACE] [REI] [REIPlugin END] Reloading Section: "pre-stage/RecipeManagerContextImpl/" done in 23.18 μs
[04:13:51] [main/TRACE] [REI] [REIPlugin END] Reloading Section: "pre-stage/ItemComparatorRegistryImpl/"
[04:13:51] [main/TRACE] [REI] [REIPlugin END] Reloading Section: "pre-stage/ItemComparatorRegistryImpl/" done in 19.13 μs
[04:13:51] [main/TRACE] [REI] [REIPlugin END] Reloading Section: "pre-stage/FluidComparatorRegistryImpl/"
[04:13:51] [main/TRACE] [REI] [REIPlugin END] Reloading Section: "pre-stage/FluidComparatorRegistryImpl/" done in 21.87 μs
[04:13:51] [main/TRACE] [REI] [REIPlugin END] Reloading Section: "pre-stage/DisplaySerializerRegistryImpl/"
[04:13:51] [main/TRACE] [REI] [REIPlugin END] Reloading Section: "pre-stage/DisplaySerializerRegistryImpl/" done in 41.00 μs
[04:13:51] [main/TRACE] [REI] [REIPlugin END] Reloading Section: "pre-stage/FluidSupportProviderImpl/"
[04:13:51] [main/TRACE] [REI] [REIPlugin END] Reloading Section: "pre-stage/FluidSupportProviderImpl/" done in 44.31 μs
[04:13:51] [main/TRACE] [REI] [REIPlugin END] Reloading Section: "pre-stage/" done in 885.1 μs
[04:13:51] [main/DEBUG] [REI] ========================================
[04:13:51] [main/DEBUG] [REI] REIPlugin finished pre-reload for END in 2.371 ms.
[04:13:51] [main/DEBUG] [REI] ========================================
[04:13:51] [main/DEBUG] [REI] ========================================
[04:13:51] [main/DEBUG] [REI] REIServerPlugin starting pre-reload for END.
[04:13:51] [main/DEBUG] [REI] Reloadables (2):
[04:13:51] [main/DEBUG] [REI]  - MenuInfoRegistryImpl
[04:13:51] [main/DEBUG] [REI]  - SlotAccessorRegistryImpl
[04:13:51] [main/DEBUG] [REI] Plugins (3):
[04:13:51] [main/DEBUG] [REI]  - (-100.00) DefaultPlugin of DefaultPlugin [roughlyenoughitems]
[04:13:51] [main/DEBUG] [REI]  - (0.00) FabricFluidAPISupportPlugin
[04:13:51] [main/DEBUG] [REI]  - (0.00) DefaultRuntimePlugin of DefaultRuntimePlugin [roughlyenoughitems]
[04:13:51] [main/DEBUG] [REI] ========================================
[04:13:51] [main/TRACE] [REI] [REIServerPlugin END] Reloading Section: "pre-register/"
[04:13:51] [main/TRACE] [REI] [REIServerPlugin END] Reloading Section: "pre-register/DefaultPlugin of DefaultPlugin [roughlyenoughitems]/"
[04:13:51] [main/TRACE] [REI] [REIServerPlugin END] Reloading Section: "pre-register/DefaultPlugin of DefaultPlugin [roughlyenoughitems]/" done in 24.18 μs
[04:13:51] [main/TRACE] [REI] [REIServerPlugin END] Reloading Section: "pre-register/FabricFluidAPISupportPlugin/"
[04:13:51] [main/TRACE] [REI] [REIServerPlugin END] Reloading Section: "pre-register/FabricFluidAPISupportPlugin/" done in 22.72 μs
[04:13:51] [main/TRACE] [REI] [REIServerPlugin END] Reloading Section: "pre-register/DefaultRuntimePlugin of DefaultRuntimePlugin [roughlyenoughitems]/"
[04:13:51] [main/TRACE] [REI] [REIServerPlugin END] Reloading Section: "pre-register/DefaultRuntimePlugin of DefaultRuntimePlugin [roughlyenoughitems]/" done in 21.58 μs
[04:13:51] [main/TRACE] [REI] [REIServerPlugin END] Reloading Section: "pre-register/" done in 242.6 μs
[04:13:51] [main/TRACE] [REI] [REIServerPlugin END] Reloading Section: "pre-stage/"
[04:13:51] [main/TRACE] [REI] [REIServerPlugin END] Reloading Section: "pre-stage/MenuInfoRegistryImpl/"
[04:13:51] [main/TRACE] [REI] [REIServerPlugin END] Reloading Section: "pre-stage/MenuInfoRegistryImpl/" done in 36.04 μs
[04:13:51] [main/TRACE] [REI] [REIServerPlugin END] Reloading Section: "pre-stage/SlotAccessorRegistryImpl/"
[04:13:51] [main/TRACE] [REI] [REIServerPlugin END] Reloading Section: "pre-stage/SlotAccessorRegistryImpl/" done in 19.65 μs
[04:13:51] [main/TRACE] [REI] [REIServerPlugin END] Reloading Section: "pre-stage/" done in 159.9 μs
[04:13:51] [main/DEBUG] [REI] ========================================
[04:13:51] [main/DEBUG] [REI] REIServerPlugin finished pre-reload for END in 477.5 μs.
[04:13:51] [main/DEBUG] [REI] ========================================
[04:13:51] [main/INFO] [REI] OOOOOOOOOOOOOOOOOOOOOOOOOOOOOOOOOOOOOOOO
[04:13:51] [main/INFO] [REI] REIPlugin starting main-reload for END.
[04:13:51] [main/DEBUG] [REI] Reloadables (7):
[04:13:51] [main/DEBUG] [REI]  - EntryTypeRegistryImpl
[04:13:51] [main/DEBUG] [REI]  - EntrySettingsAdapterRegistryImpl
[04:13:51] [main/DEBUG] [REI]  - RecipeManagerContextImpl
[04:13:51] [main/DEBUG] [REI]  - ItemComparatorRegistryImpl
[04:13:51] [main/DEBUG] [REI]  - FluidComparatorRegistryImpl
[04:13:51] [main/DEBUG] [REI]  - DisplaySerializerRegistryImpl
[04:13:51] [main/DEBUG] [REI]  - FluidSupportProviderImpl
[04:13:51] [main/INFO] [REI] Plugins (3):
[04:13:51] [main/INFO] [REI]  - (-100.00) DefaultPlugin of DefaultPlugin [roughlyenoughitems]
[04:13:51] [main/INFO] [REI]  - (0.00) FabricFluidAPISupportPlugin
[04:13:51] [main/INFO] [REI]  - (0.00) DefaultRuntimePlugin of DefaultRuntimePlugin [roughlyenoughitems]
[04:13:51] [main/INFO] [REI] OOOOOOOOOOOOOOOOOOOOOOOOOOOOOOOOOOOOOOOO
[04:13:51] [main/TRACE] [REI] [REIPlugin END] Reloading Section: "start-reload/"
[04:13:51] [main/TRACE] [REI] [REIPlugin END] Reloading Section: "start-reload/EntryTypeRegistryImpl/"
[04:13:51] [main/TRACE] [REI] [REIPlugin END] Reloading Section: "start-reload/EntryTypeRegistryImpl/" done in 93.79 μs
[04:13:51] [main/TRACE] [REI] [REIPlugin END] Reloading Section: "start-reload/EntrySettingsAdapterRegistryImpl/"
[04:13:51] [main/TRACE] [REI] [REIPlugin END] Reloading Section: "start-reload/EntrySettingsAdapterRegistryImpl/" done in 161.3 μs
[04:13:51] [main/TRACE] [REI] [REIPlugin END] Reloading Section: "start-reload/RecipeManagerContextImpl/"
[04:13:51] [main/TRACE] [REI] [REIPlugin END] Reloading Section: "start-reload/RecipeManagerContextImpl/" done in 72.49 μs
[04:13:51] [main/TRACE] [REI] [REIPlugin END] Reloading Section: "start-reload/ItemComparatorRegistryImpl/"
[04:13:51] [main/TRACE] [REI] [REIPlugin END] Reloading Section: "start-reload/ItemComparatorRegistryImpl/" done in 77.35 μs
[04:13:51] [main/TRACE] [REI] [REIPlugin END] Reloading Section: "start-reload/FluidComparatorRegistryImpl/"
[04:13:51] [main/TRACE] [REI] [REIPlugin END] Reloading Section: "start-reload/FluidComparatorRegistryImpl/" done in 40.23 μs
[04:13:51] [main/TRACE] [REI] [REIPlugin END] Reloading Section: "start-reload/DisplaySerializerRegistryImpl/"
[04:13:51] [main/TRACE] [REI] [REIPlugin END] Reloading Section: "start-reload/DisplaySerializerRegistryImpl/" done in 28.20 μs
[04:13:51] [main/TRACE] [REI] [REIPlugin END] Reloading Section: "start-reload/FluidSupportProviderImpl/"
[04:13:51] [main/TRACE] [REI] [REIPlugin END] Reloading Section: "start-reload/FluidSupportProviderImpl/" done in 19.51 μs
[04:13:51] [main/TRACE] [REI] [REIPlugin END] Reloading Section: "start-reload/" done in 1.766 ms
[04:13:51] [main/DEBUG] [REI] ========================================
[04:13:51] [main/DEBUG] [REI] REIPlugin started main-reload for END.
[04:13:51] [main/DEBUG] [REI] ========================================
[04:13:51] [main/TRACE] [REI] [REIPlugin END] Reloading Section: "reloadable-plugin/EntryTypeRegistryImpl/"
[04:13:51] [main/TRACE] [REI] [REIPlugin END] Reloading Section: "reloadable-plugin/EntryTypeRegistryImpl/DefaultPlugin of DefaultPlugin [roughlyenoughitems]/"
[04:13:51] [main/TRACE] [REI] [REIPlugin END] Reloading Section: "reloadable-plugin/EntryTypeRegistryImpl/DefaultPlugin of DefaultPlugin [roughlyenoughitems]/" done in 29.60 μs
[04:13:51] [main/TRACE] [REI] [REIPlugin END] Reloading Section: "reloadable-plugin/EntryTypeRegistryImpl/FabricFluidAPISupportPlugin/"
[04:13:51] [main/TRACE] [REI] [REIPlugin END] Reloading Section: "reloadable-plugin/EntryTypeRegistryImpl/FabricFluidAPISupportPlugin/" done in 23.43 μs
[04:13:51] [main/TRACE] [REI] [REIPlugin END] Reloading Section: "reloadable-plugin/EntryTypeRegistryImpl/DefaultRuntimePlugin of DefaultRuntimePlugin [roughlyenoughitems]/"
[04:13:51] [main/TRACE] [REI] [REIPlugin END] Reloading Section: "reloadable-plugin/EntryTypeRegistryImpl/DefaultRuntimePlugin of DefaultRuntimePlugin [roughlyenoughitems]/" done in 23.42 μs
[04:13:51] [main/TRACE] [REI] [REIPlugin END] Reloading Section: "reloadable-plugin/EntryTypeRegistryImpl/" done in 256.5 μs
[04:13:51] [main/TRACE] [REI] [REIPlugin END] Reloading Section: "reloadable-plugin/EntrySettingsAdapterRegistryImpl/"
[04:13:51] [main/TRACE] [REI] [REIPlugin END] Reloading Section: "reloadable-plugin/EntrySettingsAdapterRegistryImpl/DefaultPlugin of DefaultPlugin [roughlyenoughitems]/"
[04:13:51] [main/TRACE] [REI] [REIPlugin END] Reloading Section: "reloadable-plugin/EntrySettingsAdapterRegistryImpl/DefaultPlugin of DefaultPlugin [roughlyenoughitems]/" done in 33.06 μs
[04:13:51] [main/TRACE] [REI] [REIPlugin END] Reloading Section: "reloadable-plugin/EntrySettingsAdapterRegistryImpl/FabricFluidAPISupportPlugin/"
[04:13:51] [main/TRACE] [REI] [REIPlugin END] Reloading Section: "reloadable-plugin/EntrySettingsAdapterRegistryImpl/FabricFluidAPISupportPlugin/" done in 24.73 μs
[04:13:51] [main/TRACE] [REI] [REIPlugin END] Reloading Section: "reloadable-plugin/EntrySettingsAdapterRegistryImpl/DefaultRuntimePlugin of DefaultRuntimePlugin [roughlyenoughitems]/"
[04:13:51] [main/TRACE] [REI] [REIPlugin END] Reloading Section: "reloadable-plugin/EntrySettingsAdapterRegistryImpl/DefaultRuntimePlugin of DefaultRuntimePlugin [roughlyenoughitems]/" done in 22.88 μs
[04:13:51] [main/TRACE] [REI] [REIPlugin END] Reloading Section: "reloadable-plugin/EntrySettingsAdapterRegistryImpl/" done in 250.1 μs
[04:13:51] [main/TRACE] [REI] [REIPlugin END] Reloading Section: "reloadable-plugin/RecipeManagerContextImpl/"
[04:13:51] [main/TRACE] [REI] [REIPlugin END] Reloading Section: "reloadable-plugin/RecipeManagerContextImpl/DefaultPlugin of DefaultPlugin [roughlyenoughitems]/"
[04:13:51] [main/TRACE] [REI] [REIPlugin END] Reloading Section: "reloadable-plugin/RecipeManagerContextImpl/DefaultPlugin of DefaultPlugin [roughlyenoughitems]/" done in 27.75 μs
[04:13:51] [main/TRACE] [REI] [REIPlugin END] Reloading Section: "reloadable-plugin/RecipeManagerContextImpl/FabricFluidAPISupportPlugin/"
[04:13:51] [main/TRACE] [REI] [REIPlugin END] Reloading Section: "reloadable-plugin/RecipeManagerContextImpl/FabricFluidAPISupportPlugin/" done in 26.80 μs
[04:13:51] [main/TRACE] [REI] [REIPlugin END] Reloading Section: "reloadable-plugin/RecipeManagerContextImpl/DefaultRuntimePlugin of DefaultRuntimePlugin [roughlyenoughitems]/"
[04:13:51] [main/TRACE] [REI] [REIPlugin END] Reloading Section: "reloadable-plugin/RecipeManagerContextImpl/DefaultRuntimePlugin of DefaultRuntimePlugin [roughlyenoughitems]/" done in 24.43 μs
[04:13:51] [main/TRACE] [REI] [REIPlugin END] Reloading Section: "reloadable-plugin/RecipeManagerContextImpl/" done in 281.7 μs
[04:13:51] [main/TRACE] [REI] [REIPlugin END] Reloading Section: "reloadable-plugin/ItemComparatorRegistryImpl/"
[04:13:51] [main/TRACE] [REI] [REIPlugin END] Reloading Section: "reloadable-plugin/ItemComparatorRegistryImpl/DefaultPlugin of DefaultPlugin [roughlyenoughitems]/"
[04:13:51] [main/TRACE] [REI] [REIPlugin END] Reloading Section: "reloadable-plugin/ItemComparatorRegistryImpl/DefaultPlugin of DefaultPlugin [roughlyenoughitems]/" done in 30.47 μs
[04:13:51] [main/TRACE] [REI] [REIPlugin END] Reloading Section: "reloadable-plugin/ItemComparatorRegistryImpl/FabricFluidAPISupportPlugin/"
[04:13:51] [main/TRACE] [REI] [REIPlugin END] Reloading Section: "reloadable-plugin/ItemComparatorRegistryImpl/FabricFluidAPISupportPlugin/" done in 23.35 μs
[04:13:51] [main/TRACE] [REI] [REIPlugin END] Reloading Section: "reloadable-plugin/ItemComparatorRegistryImpl/DefaultRuntimePlugin of DefaultRuntimePlugin [roughlyenoughitems]/"
[04:13:51] [main/TRACE] [REI] [REIPlugin END] Reloading Section: "reloadable-plugin/ItemComparatorRegistryImpl/DefaultRuntimePlugin of DefaultRuntimePlugin [roughlyenoughitems]/" done in 22.82 μs
[04:13:51] [main/TRACE] [REI] [REIPlugin END] Reloading Section: "reloadable-plugin/ItemComparatorRegistryImpl/" done in 233.6 μs
[04:13:51] [main/TRACE] [REI] [REIPlugin END] Reloading Section: "reloadable-plugin/FluidComparatorRegistryImpl/"
[04:13:51] [main/TRACE] [REI] [REIPlugin END] Reloading Section: "reloadable-plugin/FluidComparatorRegistryImpl/DefaultPlugin of DefaultPlugin [roughlyenoughitems]/"
[04:13:51] [main/TRACE] [REI] [REIPlugin END] Reloading Section: "reloadable-plugin/FluidComparatorRegistryImpl/DefaultPlugin of DefaultPlugin [roughlyenoughitems]/" done in 23.00 μs
[04:13:51] [main/TRACE] [REI] [REIPlugin END] Reloading Section: "reloadable-plugin/FluidComparatorRegistryImpl/FabricFluidAPISupportPlugin/"
[04:13:51] [main/TRACE] [REI] [REIPlugin END] Reloading Section: "reloadable-plugin/FluidComparatorRegistryImpl/FabricFluidAPISupportPlugin/" done in 24.17 μs
[04:13:51] [main/TRACE] [REI] [REIPlugin END] Reloading Section: "reloadable-plugin/FluidComparatorRegistryImpl/DefaultRuntimePlugin of DefaultRuntimePlugin [roughlyenoughitems]/"
[04:13:51] [main/TRACE] [REI] [REIPlugin END] Reloading Section: "reloadable-plugin/FluidComparatorRegistryImpl/DefaultRuntimePlugin of DefaultRuntimePlugin [roughlyenoughitems]/" done in 22.63 μs
[04:13:51] [main/TRACE] [REI] [REIPlugin END] Reloading Section: "reloadable-plugin/FluidComparatorRegistryImpl/" done in 233.5 μs
[04:13:51] [main/TRACE] [REI] [REIPlugin END] Reloading Section: "reloadable-plugin/DisplaySerializerRegistryImpl/"
[04:13:51] [main/TRACE] [REI] [REIPlugin END] Reloading Section: "reloadable-plugin/DisplaySerializerRegistryImpl/DefaultPlugin of DefaultPlugin [roughlyenoughitems]/"
[04:13:51] [main/TRACE] [REI] [REIPlugin END] Reloading Section: "reloadable-plugin/DisplaySerializerRegistryImpl/DefaultPlugin of DefaultPlugin [roughlyenoughitems]/" done in 27.53 ms
[04:13:51] [main/TRACE] [REI] [REIPlugin END] Reloading Section: "reloadable-plugin/DisplaySerializerRegistryImpl/FabricFluidAPISupportPlugin/"
[04:13:51] [main/TRACE] [REI] [REIPlugin END] Reloading Section: "reloadable-plugin/DisplaySerializerRegistryImpl/FabricFluidAPISupportPlugin/" done in 62.59 μs
[04:13:51] [main/TRACE] [REI] [REIPlugin END] Reloading Section: "reloadable-plugin/DisplaySerializerRegistryImpl/DefaultRuntimePlugin of DefaultRuntimePlugin [roughlyenoughitems]/"
[04:13:51] [main/TRACE] [REI] [REIPlugin END] Reloading Section: "reloadable-plugin/DisplaySerializerRegistryImpl/DefaultRuntimePlugin of DefaultRuntimePlugin [roughlyenoughitems]/" done in 471.9 μs
[04:13:51] [main/TRACE] [REI] [REIPlugin END] Reloading Section: "reloadable-plugin/DisplaySerializerRegistryImpl/" done in 28.62 ms
[04:13:51] [main/TRACE] [REI] [REIPlugin END] Reloading Section: "reloadable-plugin/FluidSupportProviderImpl/"
[04:13:51] [main/TRACE] [REI] [REIPlugin END] Reloading Section: "reloadable-plugin/FluidSupportProviderImpl/DefaultPlugin of DefaultPlugin [roughlyenoughitems]/"
[04:13:51] [main/TRACE] [REI] [REIPlugin END] Reloading Section: "reloadable-plugin/FluidSupportProviderImpl/DefaultPlugin of DefaultPlugin [roughlyenoughitems]/" done in 109.2 μs
[04:13:51] [main/TRACE] [REI] [REIPlugin END] Reloading Section: "reloadable-plugin/FluidSupportProviderImpl/FabricFluidAPISupportPlugin/"
[04:13:51] [main/TRACE] [REI] [REIPlugin END] Reloading Section: "reloadable-plugin/FluidSupportProviderImpl/FabricFluidAPISupportPlugin/" done in 125.6 μs
[04:13:51] [main/TRACE] [REI] [REIPlugin END] Reloading Section: "reloadable-plugin/FluidSupportProviderImpl/DefaultRuntimePlugin of DefaultRuntimePlugin [roughlyenoughitems]/"
[04:13:51] [main/TRACE] [REI] [REIPlugin END] Reloading Section: "reloadable-plugin/FluidSupportProviderImpl/DefaultRuntimePlugin of DefaultRuntimePlugin [roughlyenoughitems]/" done in 31.07 μs
[04:13:51] [main/TRACE] [REI] [REIPlugin END] Reloading Section: "reloadable-plugin/FluidSupportProviderImpl/" done in 928.1 μs
[04:13:51] [main/DEBUG] [REI] ========================================
[04:13:51] [main/DEBUG] [REI] REIPlugin ending main-reload for END.
[04:13:51] [main/DEBUG] [REI] ========================================
[04:13:51] [main/TRACE] [REI] [REIPlugin END] Reloading Section: "end-reload/"
[04:13:51] [main/TRACE] [REI] [REIPlugin END] Reloading Section: "end-reload/EntryTypeRegistryImpl/"
[04:13:51] [main/TRACE] [REI] [REIPlugin END] Reloading Section: "end-reload/EntryTypeRegistryImpl/" done in 28.10 μs
[04:13:51] [main/TRACE] [REI] [REIPlugin END] Reloading Section: "end-reload/EntrySettingsAdapterRegistryImpl/"
[04:13:51] [main/TRACE] [REI] [REIPlugin END] Reloading Section: "end-reload/EntrySettingsAdapterRegistryImpl/" done in 57.71 μs
[04:13:51] [main/TRACE] [REI] [REIPlugin END] Reloading Section: "end-reload/RecipeManagerContextImpl/"
[04:13:51] [main/TRACE] [REI] [REIPlugin END] Reloading Section: "end-reload/RecipeManagerContextImpl/" done in 49.24 μs
[04:13:51] [main/TRACE] [REI] [REIPlugin END] Reloading Section: "end-reload/ItemComparatorRegistryImpl/"
[04:13:51] [main/TRACE] [REI] [REIPlugin END] Reloading Section: "end-reload/ItemComparatorRegistryImpl/" done in 25.19 μs
[04:13:51] [main/TRACE] [REI] [REIPlugin END] Reloading Section: "end-reload/FluidComparatorRegistryImpl/"
[04:13:51] [main/TRACE] [REI] [REIPlugin END] Reloading Section: "end-reload/FluidComparatorRegistryImpl/" done in 35.23 μs
[04:13:51] [main/TRACE] [REI] [REIPlugin END] Reloading Section: "end-reload/DisplaySerializerRegistryImpl/"
[04:13:51] [main/TRACE] [REI] [REIPlugin END] Reloading Section: "end-reload/DisplaySerializerRegistryImpl/" done in 22.14 μs
[04:13:51] [main/TRACE] [REI] [REIPlugin END] Reloading Section: "end-reload/FluidSupportProviderImpl/"
[04:13:51] [main/TRACE] [REI] [REIPlugin END] Reloading Section: "end-reload/FluidSupportProviderImpl/" done in 20.75 μs
[04:13:51] [main/TRACE] [REI] [REIPlugin END] Reloading Section: "end-reload/" done in 918.6 μs
[04:13:51] [main/DEBUG] [REI] ========================================
[04:13:51] [main/DEBUG] [REI] REIPlugin ended main-reload for END in 38.55 ms.
[04:13:51] [main/DEBUG] [REI] ========================================
[04:13:51] [main/INFO] [REI] %%%%%%%%%%%%%%%%%%%%%%%%%%%%%%%%%%%%%%%%
[04:13:51] [main/INFO] [REI] REIServerPlugin starting main-reload for END.
[04:13:51] [main/DEBUG] [REI] Reloadables (2):
[04:13:51] [main/DEBUG] [REI]  - MenuInfoRegistryImpl
[04:13:51] [main/DEBUG] [REI]  - SlotAccessorRegistryImpl
[04:13:51] [main/INFO] [REI] Plugins (3):
[04:13:51] [main/INFO] [REI]  - (-100.00) DefaultPlugin of DefaultPlugin [roughlyenoughitems]
[04:13:51] [main/INFO] [REI]  - (0.00) FabricFluidAPISupportPlugin
[04:13:51] [main/INFO] [REI]  - (0.00) DefaultRuntimePlugin of DefaultRuntimePlugin [roughlyenoughitems]
[04:13:51] [main/INFO] [REI] %%%%%%%%%%%%%%%%%%%%%%%%%%%%%%%%%%%%%%%%
[04:13:51] [main/TRACE] [REI] [REIServerPlugin END] Reloading Section: "start-reload/"
[04:13:51] [main/TRACE] [REI] [REIServerPlugin END] Reloading Section: "start-reload/MenuInfoRegistryImpl/"
[04:13:51] [main/TRACE] [REI] [REIServerPlugin END] Reloading Section: "start-reload/MenuInfoRegistryImpl/" done in 43.20 μs
[04:13:51] [main/TRACE] [REI] [REIServerPlugin END] Reloading Section: "start-reload/SlotAccessorRegistryImpl/"
[04:13:51] [main/TRACE] [REI] [REIServerPlugin END] Reloading Section: "start-reload/SlotAccessorRegistryImpl/" done in 38.04 μs
[04:13:51] [main/TRACE] [REI] [REIServerPlugin END] Reloading Section: "start-reload/" done in 257.3 μs
[04:13:51] [main/DEBUG] [REI] ========================================
[04:13:51] [main/DEBUG] [REI] REIServerPlugin started main-reload for END.
[04:13:51] [main/DEBUG] [REI] ========================================
[04:13:51] [main/TRACE] [REI] [REIServerPlugin END] Reloading Section: "reloadable-plugin/MenuInfoRegistryImpl/"
[04:13:51] [main/TRACE] [REI] [REIServerPlugin END] Reloading Section: "reloadable-plugin/MenuInfoRegistryImpl/DefaultPlugin of DefaultPlugin [roughlyenoughitems]/"
[04:13:51] [main/TRACE] [REI] [REIServerPlugin END] Reloading Section: "reloadable-plugin/MenuInfoRegistryImpl/DefaultPlugin of DefaultPlugin [roughlyenoughitems]/" done in 62.32 μs
[04:13:51] [main/TRACE] [REI] [REIServerPlugin END] Reloading Section: "reloadable-plugin/MenuInfoRegistryImpl/FabricFluidAPISupportPlugin/"
[04:13:51] [main/TRACE] [REI] [REIServerPlugin END] Reloading Section: "reloadable-plugin/MenuInfoRegistryImpl/FabricFluidAPISupportPlugin/" done in 39.30 μs
[04:13:51] [main/TRACE] [REI] [REIServerPlugin END] Reloading Section: "reloadable-plugin/MenuInfoRegistryImpl/DefaultRuntimePlugin of DefaultRuntimePlugin [roughlyenoughitems]/"
[04:13:51] [main/TRACE] [REI] [REIServerPlugin END] Reloading Section: "reloadable-plugin/MenuInfoRegistryImpl/DefaultRuntimePlugin of DefaultRuntimePlugin [roughlyenoughitems]/" done in 27.61 μs
[04:13:51] [main/TRACE] [REI] [REIServerPlugin END] Reloading Section: "reloadable-plugin/MenuInfoRegistryImpl/" done in 641.7 μs
[04:13:51] [main/TRACE] [REI] [REIServerPlugin END] Reloading Section: "reloadable-plugin/SlotAccessorRegistryImpl/"
[04:13:51] [main/TRACE] [REI] [REIServerPlugin END] Reloading Section: "reloadable-plugin/SlotAccessorRegistryImpl/DefaultPlugin of DefaultPlugin [roughlyenoughitems]/"
[04:13:51] [main/TRACE] [REI] [REIServerPlugin END] Reloading Section: "reloadable-plugin/SlotAccessorRegistryImpl/DefaultPlugin of DefaultPlugin [roughlyenoughitems]/" done in 55.79 μs
[04:13:51] [main/TRACE] [REI] [REIServerPlugin END] Reloading Section: "reloadable-plugin/SlotAccessorRegistryImpl/FabricFluidAPISupportPlugin/"
[04:13:51] [main/TRACE] [REI] [REIServerPlugin END] Reloading Section: "reloadable-plugin/SlotAccessorRegistryImpl/FabricFluidAPISupportPlugin/" done in 46.42 μs
[04:13:51] [main/TRACE] [REI] [REIServerPlugin END] Reloading Section: "reloadable-plugin/SlotAccessorRegistryImpl/DefaultRuntimePlugin of DefaultRuntimePlugin [roughlyenoughitems]/"
[04:13:51] [main/DEBUG] [REI] Added slot accessor serializer: me.shedaniel.rei.plugin.common.runtime.DefaultRuntimePlugin$1@508240c0 [roughlyenoughitems:vanilla]
[04:13:51] [main/DEBUG] [REI] Added slot accessor serializer: me.shedaniel.rei.plugin.common.runtime.DefaultRuntimePlugin$2@5231a78b [roughlyenoughitems:player]
[04:13:51] [main/TRACE] [REI] [REIServerPlugin END] Reloading Section: "reloadable-plugin/SlotAccessorRegistryImpl/DefaultRuntimePlugin of DefaultRuntimePlugin [roughlyenoughitems]/" done in 2.354 ms
[04:13:51] [main/TRACE] [REI] [REIServerPlugin END] Reloading Section: "reloadable-plugin/SlotAccessorRegistryImpl/" done in 2.954 ms
[04:13:51] [main/DEBUG] [REI] ========================================
[04:13:51] [main/DEBUG] [REI] REIServerPlugin ending main-reload for END.
[04:13:51] [main/DEBUG] [REI] ========================================
[04:13:51] [main/TRACE] [REI] [REIServerPlugin END] Reloading Section: "end-reload/"
[04:13:51] [main/TRACE] [REI] [REIServerPlugin END] Reloading Section: "end-reload/MenuInfoRegistryImpl/"
[04:13:51] [main/DEBUG] [REI] Registered 0 menu infos
[04:13:51] [main/TRACE] [REI] [REIServerPlugin END] Reloading Section: "end-reload/MenuInfoRegistryImpl/" done in 89.56 μs
[04:13:51] [main/TRACE] [REI] [REIServerPlugin END] Reloading Section: "end-reload/SlotAccessorRegistryImpl/"
[04:13:51] [main/DEBUG] [REI] Registered 2 slot accessor serializers
[04:13:51] [main/TRACE] [REI] [REIServerPlugin END] Reloading Section: "end-reload/SlotAccessorRegistryImpl/" done in 101.3 μs
[04:13:51] [main/TRACE] [REI] [REIServerPlugin END] Reloading Section: "end-reload/" done in 376.2 μs
[04:13:51] [main/DEBUG] [REI] ========================================
[04:13:51] [main/DEBUG] [REI] REIServerPlugin ended main-reload for END in 6.462 ms.
[04:13:51] [main/DEBUG] [REI] ========================================
[04:13:51] [main/DEBUG] [REI] ========================================
[04:13:51] [main/DEBUG] [REI] REIPlugin starting post-reload for END.
[04:13:51] [main/DEBUG] [REI] Reloadables (7):
[04:13:51] [main/DEBUG] [REI]  - EntryTypeRegistryImpl
[04:13:51] [main/DEBUG] [REI]  - EntrySettingsAdapterRegistryImpl
[04:13:51] [main/DEBUG] [REI]  - RecipeManagerContextImpl
[04:13:51] [main/DEBUG] [REI]  - ItemComparatorRegistryImpl
[04:13:51] [main/DEBUG] [REI]  - FluidComparatorRegistryImpl
[04:13:51] [main/DEBUG] [REI]  - DisplaySerializerRegistryImpl
[04:13:51] [main/DEBUG] [REI]  - FluidSupportProviderImpl
[04:13:51] [main/DEBUG] [REI] Plugins (3):
[04:13:51] [main/DEBUG] [REI]  - (-100.00) DefaultPlugin of DefaultPlugin [roughlyenoughitems]
[04:13:51] [main/DEBUG] [REI]  - (0.00) FabricFluidAPISupportPlugin
[04:13:51] [main/DEBUG] [REI]  - (0.00) DefaultRuntimePlugin of DefaultRuntimePlugin [roughlyenoughitems]
[04:13:51] [main/DEBUG] [REI] ========================================
[04:13:51] [main/TRACE] [REI] [REIPlugin END] Reloading Section: "post-register/"
[04:13:51] [main/TRACE] [REI] [REIPlugin END] Reloading Section: "post-register/DefaultPlugin of DefaultPlugin [roughlyenoughitems]/"
[04:13:51] [main/TRACE] [REI] [REIPlugin END] Reloading Section: "post-register/DefaultPlugin of DefaultPlugin [roughlyenoughitems]/" done in 41.82 μs
[04:13:51] [main/TRACE] [REI] [REIPlugin END] Reloading Section: "post-register/FabricFluidAPISupportPlugin/"
[04:13:51] [main/TRACE] [REI] [REIPlugin END] Reloading Section: "post-register/FabricFluidAPISupportPlugin/" done in 23.71 μs
[04:13:51] [main/TRACE] [REI] [REIPlugin END] Reloading Section: "post-register/DefaultRuntimePlugin of DefaultRuntimePlugin [roughlyenoughitems]/"
[04:13:51] [main/TRACE] [REI] [REIPlugin END] Reloading Section: "post-register/DefaultRuntimePlugin of DefaultRuntimePlugin [roughlyenoughitems]/" done in 24.67 μs
[04:13:51] [main/TRACE] [REI] [REIPlugin END] Reloading Section: "post-register/" done in 257.1 μs
[04:13:51] [main/TRACE] [REI] [REIPlugin END] Reloading Section: "post-stage/"
[04:13:51] [main/TRACE] [REI] [REIPlugin END] Reloading Section: "post-stage/EntryTypeRegistryImpl/"
[04:13:51] [main/TRACE] [REI] [REIPlugin END] Reloading Section: "post-stage/EntryTypeRegistryImpl/" done in 20.42 μs
[04:13:51] [main/TRACE] [REI] [REIPlugin END] Reloading Section: "post-stage/EntrySettingsAdapterRegistryImpl/"
[04:13:51] [main/TRACE] [REI] [REIPlugin END] Reloading Section: "post-stage/EntrySettingsAdapterRegistryImpl/" done in 16.89 μs
[04:13:51] [main/TRACE] [REI] [REIPlugin END] Reloading Section: "post-stage/RecipeManagerContextImpl/"
[04:13:51] [main/TRACE] [REI] [REIPlugin END] Reloading Section: "post-stage/RecipeManagerContextImpl/" done in 20.97 μs
[04:13:51] [main/TRACE] [REI] [REIPlugin END] Reloading Section: "post-stage/ItemComparatorRegistryImpl/"
[04:13:51] [main/TRACE] [REI] [REIPlugin END] Reloading Section: "post-stage/ItemComparatorRegistryImpl/" done in 20.75 μs
[04:13:51] [main/TRACE] [REI] [REIPlugin END] Reloading Section: "post-stage/FluidComparatorRegistryImpl/"
[04:13:51] [main/TRACE] [REI] [REIPlugin END] Reloading Section: "post-stage/FluidComparatorRegistryImpl/" done in 20.38 μs
[04:13:51] [main/TRACE] [REI] [REIPlugin END] Reloading Section: "post-stage/DisplaySerializerRegistryImpl/"
[04:13:51] [main/TRACE] [REI] [REIPlugin END] Reloading Section: "post-stage/DisplaySerializerRegistryImpl/" done in 19.52 μs
[04:13:51] [main/TRACE] [REI] [REIPlugin END] Reloading Section: "post-stage/FluidSupportProviderImpl/"
[04:13:51] [main/TRACE] [REI] [REIPlugin END] Reloading Section: "post-stage/FluidSupportProviderImpl/" done in 31.75 μs
[04:13:51] [main/TRACE] [REI] [REIPlugin END] Reloading Section: "post-stage/" done in 481.5 μs
[04:13:51] [main/DEBUG] [REI] ========================================
[04:13:51] [main/INFO] [REI] REIPlugin finished post-reload for END in 860.0 μs, totaling 41.77 ms.
[04:13:51] [main/DEBUG] [REI] ========================================
[04:13:51] [main/DEBUG] [REI] ========================================
[04:13:51] [main/DEBUG] [REI] REIServerPlugin starting post-reload for END.
[04:13:51] [main/DEBUG] [REI] Reloadables (2):
[04:13:51] [main/DEBUG] [REI]  - MenuInfoRegistryImpl
[04:13:51] [main/DEBUG] [REI]  - SlotAccessorRegistryImpl
[04:13:51] [main/DEBUG] [REI] Plugins (3):
[04:13:51] [main/DEBUG] [REI]  - (-100.00) DefaultPlugin of DefaultPlugin [roughlyenoughitems]
[04:13:51] [main/DEBUG] [REI]  - (0.00) FabricFluidAPISupportPlugin
[04:13:51] [main/DEBUG] [REI]  - (0.00) DefaultRuntimePlugin of DefaultRuntimePlugin [roughlyenoughitems]
[04:13:51] [main/DEBUG] [REI] ========================================
[04:13:51] [main/TRACE] [REI] [REIServerPlugin END] Reloading Section: "post-register/"
[04:13:51] [main/TRACE] [REI] [REIServerPlugin END] Reloading Section: "post-register/DefaultPlugin of DefaultPlugin [roughlyenoughitems]/"
[04:13:51] [main/TRACE] [REI] [REIServerPlugin END] Reloading Section: "post-register/DefaultPlugin of DefaultPlugin [roughlyenoughitems]/" done in 21.10 μs
[04:13:51] [main/TRACE] [REI] [REIServerPlugin END] Reloading Section: "post-register/FabricFluidAPISupportPlugin/"
[04:13:51] [main/TRACE] [REI] [REIServerPlugin END] Reloading Section: "post-register/FabricFluidAPISupportPlugin/" done in 18.89 μs
[04:13:51] [main/TRACE] [REI] [REIServerPlugin END] Reloading Section: "post-register/DefaultRuntimePlugin of DefaultRuntimePlugin [roughlyenoughitems]/"
[04:13:51] [main/TRACE] [REI] [REIServerPlugin END] Reloading Section: "post-register/DefaultRuntimePlugin of DefaultRuntimePlugin [roughlyenoughitems]/" done in 22.15 μs
[04:13:51] [main/TRACE] [REI] [REIServerPlugin END] Reloading Section: "post-register/" done in 275.1 μs
[04:13:51] [main/TRACE] [REI] [REIServerPlugin END] Reloading Section: "post-stage/"
[04:13:51] [main/TRACE] [REI] [REIServerPlugin END] Reloading Section: "post-stage/MenuInfoRegistryImpl/"
[04:13:51] [main/TRACE] [REI] [REIServerPlugin END] Reloading Section: "post-stage/MenuInfoRegistryImpl/" done in 19.54 μs
[04:13:51] [main/TRACE] [REI] [REIServerPlugin END] Reloading Section: "post-stage/SlotAccessorRegistryImpl/"
[04:13:51] [main/TRACE] [REI] [REIServerPlugin END] Reloading Section: "post-stage/SlotAccessorRegistryImpl/" done in 17.69 μs
[04:13:51] [main/TRACE] [REI] [REIServerPlugin END] Reloading Section: "post-stage/" done in 128.9 μs
[04:13:51] [main/DEBUG] [REI] ========================================
[04:13:51] [main/INFO] [REI] REIServerPlugin finished post-reload for END in 512.4 μs, totaling 7.440 ms.
[04:13:51] [main/DEBUG] [REI] ========================================
